TN:
SF:./js/src/mirador.js
FN:3,(anonymous_1)
FN:4,checkContainer
FN:13,Mirador
FNF:3
FNH:3
FNDA:1,(anonymous_1)
FNDA:1,checkContainer
FNDA:2,Mirador
DA:3,1
DA:4,1
DA:5,1
DA:6,1
DA:9,1
DA:13,1
DA:14,2
DA:15,1
DA:18,1
DA:22,1
DA:25,1
DA:29,1
DA:31,1
DA:34,1
LF:14
LH:14
BRDA:6,1,0,1
BRDA:6,1,1,0
BRDA:14,2,0,1
BRDA:14,2,1,1
BRDA:34,3,0,1
BRDA:34,3,1,1
BRF:6
BRH:5
end_of_record
TN:
SF:./js/src/utils/handlebars.js
FN:1,(anonymous_1)
FN:3,(anonymous_2)
FNF:2
FNH:2
FNDA:1,(anonymous_1)
FNDA:1,(anonymous_2)
DA:1,1
DA:3,1
DA:4,1
LF:3
LH:3
BRF:0
BRH:0
end_of_record
TN:
SF:./js/src/settings.js
FN:1,(anonymous_1)
FNF:1
FNH:1
FNDA:1,(anonymous_1)
DA:1,1
DA:6,1
LF:2
LH:2
BRF:0
BRH:0
end_of_record
TN:
SF:./js/src/viewer.js
FN:1,(anonymous_1)
FN:3,(anonymous_2)
FN:43,(anonymous_3)
FN:58,(anonymous_4)
FN:66,(anonymous_5)
FN:73,(anonymous_6)
FN:139,(anonymous_7)
FN:143,(anonymous_8)
FN:145,(anonymous_9)
FN:148,(anonymous_10)
FN:154,(anonymous_11)
FN:158,(anonymous_12)
FN:162,(anonymous_13)
FN:174,(anonymous_14)
FN:182,(anonymous_15)
FN:186,(anonymous_16)
FN:190,(anonymous_17)
FN:191,(anonymous_18)
FN:201,(anonymous_19)
FN:205,(anonymous_20)
FN:212,(anonymous_21)
FN:223,(anonymous_22)
FN:226,(anonymous_23)
FN:235,(anonymous_24)
FN:239,(anonymous_25)
FN:243,(anonymous_26)
FN:247,(anonymous_27)
FN:250,(anonymous_28)
FN:258,(anonymous_29)
FN:260,(anonymous_30)
FN:264,(anonymous_31)
FN:268,(anonymous_32)
FN:275,(anonymous_33)
FN:284,(anonymous_34)
FN:291,(anonymous_35)
FN:297,(anonymous_36)
FNF:36
FNH:21
FNDA:1,(anonymous_1)
FNDA:1,(anonymous_2)
FNDA:1,(anonymous_3)
FNDA:1,(anonymous_4)
FNDA:1031,(anonymous_5)
FNDA:4,(anonymous_6)
FNDA:1,(anonymous_7)
FNDA:2,(anonymous_8)
FNDA:0,(anonymous_9)
FNDA:0,(anonymous_10)
FNDA:0,(anonymous_11)
FNDA:0,(anonymous_12)
FNDA:0,(anonymous_13)
FNDA:0,(anonymous_14)
FNDA:2,(anonymous_15)
FNDA:0,(anonymous_16)
FNDA:2,(anonymous_17)
FNDA:8,(anonymous_18)
FNDA:1,(anonymous_19)
FNDA:2,(anonymous_20)
FNDA:17,(anonymous_21)
FNDA:2,(anonymous_22)
FNDA:8,(anonymous_23)
FNDA:2,(anonymous_24)
FNDA:0,(anonymous_25)
FNDA:0,(anonymous_26)
FNDA:1,(anonymous_27)
FNDA:2,(anonymous_28)
FNDA:0,(anonymous_29)
FNDA:0,(anonymous_30)
FNDA:0,(anonymous_31)
FNDA:0,(anonymous_32)
FNDA:0,(anonymous_33)
FNDA:2,(anonymous_34)
FNDA:2,(anonymous_35)
FNDA:0,(anonymous_36)
DA:1,1
DA:3,1
DA:4,1
DA:28,1
DA:29,1
DA:31,1
DA:32,1
DA:33,0
DA:36,1
DA:37,1
DA:41,1
DA:44,1
DA:47,1
DA:59,1
DA:61,1
DA:62,1
DA:66,1
DA:67,1031
DA:68,1031
DA:72,1
DA:73,1
DA:74,4
DA:77,1
DA:78,0
DA:80,1
DA:81,0
DA:86,1
DA:87,0
DA:91,1
DA:92,1
DA:93,1
DA:97,1
DA:101,1
DA:102,0
DA:106,1
DA:107,1
DA:114,1
DA:120,1
DA:122,1
DA:123,0
DA:127,1
DA:129,1
DA:130,1
DA:132,1
DA:134,1
DA:135,0
DA:140,1
DA:143,1
DA:144,2
DA:145,2
DA:146,0
DA:148,2
DA:149,0
DA:154,1
DA:155,0
DA:158,1
DA:159,0
DA:162,1
DA:163,0
DA:164,0
DA:166,0
DA:168,0
DA:170,0
DA:174,1
DA:175,0
DA:177,0
DA:178,0
DA:182,1
DA:183,2
DA:186,1
DA:187,0
DA:190,1
DA:191,2
DA:195,8
DA:202,1
DA:206,2
DA:207,2
DA:209,0
DA:213,17
DA:214,17
DA:215,16
DA:217,1
DA:219,17
DA:224,2
DA:226,2
DA:227,8
DA:228,6
DA:231,2
DA:232,2
DA:236,2
DA:240,0
DA:244,0
DA:248,1
DA:250,1
DA:251,2
DA:252,0
DA:253,0
DA:254,2
DA:255,2
DA:256,2
DA:257,0
DA:258,0
DA:259,0
DA:260,0
DA:261,0
DA:263,0
DA:264,0
DA:265,0
DA:269,0
DA:276,0
DA:285,2
DA:288,2
DA:289,2
DA:290,2
DA:291,2
DA:292,2
DA:298,0
DA:301,0
DA:303,0
DA:305,0
LF:120
LH:81
BRDA:31,1,0,1
BRDA:31,1,1,1
BRDA:32,2,0,0
BRDA:32,2,1,1
BRDA:32,3,0,1
BRDA:32,3,1,0
BRDA:36,4,0,1
BRDA:36,4,1,0
BRDA:74,5,0,2
BRDA:74,5,1,2
BRDA:77,6,0,0
BRDA:77,6,1,1
BRDA:77,7,0,1
BRDA:77,7,1,0
BRDA:80,8,0,0
BRDA:80,8,1,1
BRDA:80,9,0,1
BRDA:80,9,1,0
BRDA:86,10,0,0
BRDA:86,10,1,1
BRDA:91,11,0,1
BRDA:91,11,1,0
BRDA:101,12,0,0
BRDA:101,12,1,1
BRDA:106,13,0,0
BRDA:106,13,1,1
BRDA:108,14,0,0
BRDA:108,14,1,1
BRDA:122,15,0,0
BRDA:122,15,1,1
BRDA:122,16,0,1
BRDA:122,16,1,1
BRDA:134,17,0,0
BRDA:134,17,1,1
BRDA:134,18,0,1
BRDA:134,18,1,1
BRDA:144,19,0,2
BRDA:144,19,1,0
BRDA:163,20,0,0
BRDA:163,20,1,0
BRDA:177,21,0,0
BRDA:177,21,1,0
BRDA:206,22,0,2
BRDA:206,22,1,0
BRDA:214,23,0,16
BRDA:214,23,1,1
BRDA:227,24,0,6
BRDA:227,24,1,2
BRDA:251,25,0,0
BRDA:251,25,1,2
BRDA:253,26,0,0
BRDA:253,26,1,0
BRDA:254,27,0,2
BRDA:254,27,1,0
BRDA:256,28,0,2
BRDA:256,28,1,0
BRDA:257,29,0,0
BRDA:257,29,1,0
BRDA:259,30,0,0
BRDA:259,30,1,0
BRDA:263,31,0,0
BRDA:263,31,1,0
BRDA:277,32,0,0
BRDA:277,32,1,0
BRDA:277,32,2,0
BRDA:277,32,3,0
BRDA:288,33,0,2
BRDA:288,33,1,0
BRF:68
BRH:32
end_of_record
TN:
SF:./js/src/workspace.js
FN:1,(anonymous_1)
FN:3,(anonymous_2)
FN:23,(anonymous_3)
FN:37,(anonymous_4)
FN:40,(anonymous_5)
FN:44,(anonymous_6)
FN:52,(anonymous_7)
FN:58,(anonymous_8)
FN:66,(anonymous_9)
FN:70,(anonymous_10)
FN:74,(anonymous_11)
FN:78,(anonymous_12)
FN:82,(anonymous_13)
FN:86,(anonymous_14)
FN:90,(anonymous_15)
FN:94,(anonymous_16)
FN:98,(anonymous_17)
FN:103,(anonymous_18)
FN:106,(anonymous_19)
FN:111,(anonymous_20)
FN:118,(anonymous_21)
FN:128,(anonymous_22)
FN:139,(anonymous_23)
FN:145,(anonymous_24)
FN:149,(anonymous_25)
FN:150,(anonymous_26)
FN:160,(anonymous_27)
FN:162,(anonymous_28)
FN:177,(anonymous_29)
FN:178,(anonymous_30)
FN:195,cell
FN:197,(anonymous_32)
FN:198,(anonymous_33)
FN:199,(anonymous_34)
FN:200,(anonymous_35)
FN:203,(anonymous_36)
FN:215,(anonymous_37)
FN:217,(anonymous_38)
FN:221,addSibling
FN:236,mutateAndAdd
FN:309,(anonymous_41)
FN:315,(anonymous_42)
FN:320,(anonymous_43)
FN:325,(anonymous_44)
FN:330,(anonymous_45)
FN:335,(anonymous_46)
FN:338,(anonymous_47)
FN:342,(anonymous_48)
FN:368,(anonymous_49)
FN:383,(anonymous_50)
FN:385,(anonymous_51)
FN:390,(anonymous_52)
FN:396,(anonymous_53)
FN:413,(anonymous_54)
FN:418,(anonymous_55)
FN:433,(anonymous_56)
FN:434,(anonymous_57)
FN:439,(anonymous_58)
FN:446,(anonymous_59)
FN:452,(anonymous_60)
FN:518,(anonymous_61)
FN:521,(anonymous_62)
FNF:62
FNH:40
FNDA:1,(anonymous_1)
FNDA:7,(anonymous_2)
FNDA:7,(anonymous_3)
FNDA:7,(anonymous_4)
FNDA:0,(anonymous_5)
FNDA:2,(anonymous_6)
FNDA:0,(anonymous_7)
FNDA:0,(anonymous_8)
FNDA:1,(anonymous_9)
FNDA:0,(anonymous_10)
FNDA:2,(anonymous_11)
FNDA:2,(anonymous_12)
FNDA:0,(anonymous_13)
FNDA:0,(anonymous_14)
FNDA:0,(anonymous_15)
FNDA:0,(anonymous_16)
FNDA:0,(anonymous_17)
FNDA:7,(anonymous_18)
FNDA:26,(anonymous_19)
FNDA:0,(anonymous_20)
FNDA:0,(anonymous_21)
FNDA:40,(anonymous_22)
FNDA:123,(anonymous_23)
FNDA:148,(anonymous_24)
FNDA:64,(anonymous_25)
FNDA:130,(anonymous_26)
FNDA:18,(anonymous_27)
FNDA:18,(anonymous_28)
FNDA:2,(anonymous_29)
FNDA:6,(anonymous_30)
FNDA:80,cell
FNDA:82,(anonymous_32)
FNDA:82,(anonymous_33)
FNDA:82,(anonymous_34)
FNDA:82,(anonymous_35)
FNDA:123,(anonymous_36)
FNDA:5,(anonymous_37)
FNDA:11,(anonymous_38)
FNDA:2,addSibling
FNDA:4,mutateAndAdd
FNDA:20,(anonymous_41)
FNDA:2,(anonymous_42)
FNDA:0,(anonymous_43)
FNDA:0,(anonymous_44)
FNDA:3,(anonymous_45)
FNDA:2,(anonymous_46)
FNDA:9,(anonymous_47)
FNDA:9,(anonymous_48)
FNDA:9,(anonymous_49)
FNDA:0,(anonymous_50)
FNDA:0,(anonymous_51)
FNDA:0,(anonymous_52)
FNDA:0,(anonymous_53)
FNDA:0,(anonymous_54)
FNDA:0,(anonymous_55)
FNDA:0,(anonymous_56)
FNDA:0,(anonymous_57)
FNDA:0,(anonymous_58)
FNDA:2,(anonymous_59)
FNDA:2,(anonymous_60)
FNDA:1,(anonymous_61)
FNDA:1,(anonymous_62)
DA:1,1
DA:3,1
DA:5,7
DA:16,7
DA:17,7
DA:18,7
DA:22,1
DA:24,7
DA:31,7
DA:33,7
DA:34,7
DA:38,7
DA:40,7
DA:41,0
DA:44,7
DA:49,2
DA:51,2
DA:52,2
DA:55,0
DA:56,0
DA:58,0
DA:59,0
DA:66,7
DA:67,1
DA:70,7
DA:71,0
DA:74,7
DA:75,2
DA:78,7
DA:79,2
DA:82,7
DA:83,0
DA:86,7
DA:87,0
DA:90,7
DA:91,0
DA:94,7
DA:95,0
DA:98,7
DA:99,0
DA:104,7
DA:106,7
DA:107,26
DA:112,0
DA:113,0
DA:115,0
DA:119,0
DA:120,0
DA:121,0
DA:123,0
DA:125,0
DA:129,40
DA:132,40
DA:139,40
DA:140,123
DA:144,40
DA:145,148
DA:149,40
DA:150,64
DA:151,130
DA:152,64
DA:158,40
DA:160,18
DA:163,18
DA:164,18
DA:175,40
DA:178,2
DA:179,6
DA:180,2
DA:182,6
DA:186,2
DA:187,0
DA:191,2
DA:192,2
DA:195,1
DA:196,80
DA:197,82
DA:198,82
DA:199,82
DA:200,82
DA:203,123
DA:205,40
DA:206,40
DA:208,40
DA:209,2
DA:211,38
DA:216,5
DA:217,11
DA:218,5
DA:221,1
DA:222,2
DA:223,1
DA:226,1
DA:227,1
DA:228,1
DA:232,1
DA:233,1
DA:236,1
DA:240,4
DA:244,4
DA:248,4
DA:251,4
DA:252,4
DA:253,4
DA:254,4
DA:255,2
DA:258,2
DA:261,4
DA:262,4
DA:265,5
DA:271,3
DA:272,1
DA:273,1
DA:280,2
DA:281,2
DA:289,2
DA:290,1
DA:291,1
DA:298,1
DA:299,1
DA:309,20
DA:310,5
DA:311,5
DA:316,2
DA:317,2
DA:321,0
DA:322,0
DA:326,0
DA:327,0
DA:331,3
DA:332,3
DA:337,2
DA:338,9
DA:342,9
DA:344,2
DA:349,1
DA:350,1
DA:352,1
DA:353,1
DA:354,1
DA:359,1
DA:363,2
DA:364,2
DA:365,2
DA:369,9
DA:370,2
DA:375,7
DA:384,0
DA:385,0
DA:386,0
DA:391,0
DA:392,0
DA:393,0
DA:400,0
DA:403,0
DA:412,0
DA:414,0
DA:418,0
DA:419,0
DA:420,0
DA:422,0
DA:434,0
DA:435,0
DA:440,0
DA:441,0
DA:443,0
DA:447,2
DA:448,2
DA:449,2
DA:458,2
DA:465,2
DA:467,2
DA:468,0
DA:470,2
DA:473,2
DA:474,2
DA:475,2
DA:477,2
DA:478,1
DA:481,2
DA:482,2
DA:484,2
DA:487,2
DA:490,2
DA:491,0
DA:492,0
DA:495,2
DA:496,2
DA:497,2
DA:500,2
DA:501,2
DA:502,2
DA:505,2
DA:506,2
DA:507,2
DA:509,2
DA:510,2
DA:512,2
DA:514,2
DA:519,1
DA:521,1
DA:522,1
DA:524,1
LF:203
LH:157
BRDA:17,1,0,7
BRDA:17,1,1,7
BRDA:51,2,0,2
BRDA:51,2,1,0
BRDA:55,3,0,0
BRDA:55,3,1,0
BRDA:58,4,0,0
BRDA:58,4,1,0
BRDA:59,5,0,0
BRDA:59,5,1,0
BRDA:112,6,0,0
BRDA:112,6,1,0
BRDA:120,7,0,0
BRDA:120,7,1,0
BRDA:151,8,0,64
BRDA:151,8,1,66
BRDA:179,9,0,2
BRDA:179,9,1,4
BRDA:186,10,0,0
BRDA:186,10,1,2
BRDA:186,11,0,2
BRDA:186,11,1,2
BRDA:186,11,2,0
BRDA:208,12,0,2
BRDA:208,12,1,38
BRDA:218,13,0,3
BRDA:218,13,1,2
BRDA:222,14,0,1
BRDA:222,14,1,1
BRDA:232,15,0,1
BRDA:232,15,1,0
BRDA:244,16,0,1
BRDA:244,16,1,3
BRDA:254,17,0,2
BRDA:254,17,1,2
BRDA:265,18,0,3
BRDA:265,18,1,2
BRDA:271,19,0,1
BRDA:271,19,1,2
BRDA:271,20,0,3
BRDA:271,20,1,2
BRDA:272,21,0,1
BRDA:272,21,1,0
BRDA:280,22,0,2
BRDA:280,22,1,0
BRDA:289,23,0,1
BRDA:289,23,1,1
BRDA:289,24,0,2
BRDA:289,24,1,1
BRDA:290,25,0,1
BRDA:290,25,1,0
BRDA:298,26,0,1
BRDA:298,26,1,0
BRDA:344,27,0,1
BRDA:344,27,1,1
BRDA:354,28,0,0
BRDA:354,28,1,1
BRDA:369,29,0,2
BRDA:369,29,1,7
BRDA:403,30,0,0
BRDA:403,30,1,0
BRDA:440,31,0,0
BRDA:440,31,1,0
BRDA:467,32,0,0
BRDA:467,32,1,2
BRDA:470,33,0,2
BRDA:470,33,1,0
BRDA:477,34,0,1
BRDA:477,34,1,1
BRDA:482,35,0,2
BRDA:482,35,1,2
BRDA:490,36,0,0
BRDA:490,36,1,2
BRDA:495,37,0,2
BRDA:495,37,1,0
BRDA:500,38,0,2
BRDA:500,38,1,0
BRDA:505,39,0,2
BRDA:505,39,1,0
BRF:79
BRH:50
end_of_record
TN:
SF:./js/src/viewer/bookmarkPanel.js
FN:1,(anonymous_1)
FN:3,(anonymous_2)
FN:17,(anonymous_3)
FN:28,(anonymous_4)
FN:32,(anonymous_5)
FN:34,(anonymous_6)
FN:37,(anonymous_7)
FN:42,(anonymous_8)
FN:48,(anonymous_9)
FN:51,(anonymous_10)
FN:57,(anonymous_11)
FN:61,(anonymous_12)
FNF:12
FNH:10
FNDA:1,(anonymous_1)
FNDA:5,(anonymous_2)
FNDA:5,(anonymous_3)
FNDA:5,(anonymous_4)
FNDA:5,(anonymous_5)
FNDA:1,(anonymous_6)
FNDA:1,(anonymous_7)
FNDA:2,(anonymous_8)
FNDA:1,(anonymous_9)
FNDA:1,(anonymous_10)
FNDA:0,(anonymous_11)
FNDA:0,(anonymous_12)
DA:1,1
DA:3,1
DA:5,5
DA:12,5
DA:16,1
DA:18,5
DA:19,5
DA:22,5
DA:24,5
DA:25,5
DA:29,5
DA:33,5
DA:34,5
DA:35,1
DA:37,5
DA:38,1
DA:43,2
DA:44,2
DA:45,1
DA:49,1
DA:50,1
DA:52,1
DA:53,1
DA:58,0
DA:62,0
LF:25
LH:23
BRDA:44,1,0,1
BRDA:44,1,1,1
BRF:2
BRH:2
end_of_record
TN:
SF:./js/src/viewer/mainMenu.js
FN:1,(anonymous_1)
FN:3,(anonymous_2)
FN:32,(anonymous_3)
FN:51,(anonymous_4)
FN:70,(anonymous_5)
FN:73,(anonymous_6)
FN:83,(anonymous_7)
FN:86,(anonymous_8)
FN:97,(anonymous_9)
FN:109,(anonymous_10)
FN:110,(anonymous_11)
FN:188,(anonymous_12)
FN:199,(anonymous_13)
FN:247,(anonymous_14)
FN:253,(anonymous_15)
FNF:15
FNH:13
FNDA:1,(anonymous_1)
FNDA:9,(anonymous_2)
FNDA:9,(anonymous_3)
FNDA:22,(anonymous_4)
FNDA:9,(anonymous_5)
FNDA:0,(anonymous_6)
FNDA:9,(anonymous_7)
FNDA:1,(anonymous_8)
FNDA:1,(anonymous_9)
FNDA:0,(anonymous_10)
FNDA:1,(anonymous_11)
FNDA:6,(anonymous_12)
FNDA:15,(anonymous_13)
FNDA:3,(anonymous_14)
FNDA:3,(anonymous_15)
DA:1,1
DA:3,1
DA:5,9
DA:23,9
DA:25,9
DA:30,1
DA:35,9
DA:41,9
DA:51,9
DA:52,22
DA:66,9
DA:67,9
DA:71,9
DA:73,9
DA:74,0
DA:75,0
DA:76,0
DA:78,0
DA:84,9
DA:86,9
DA:87,1
DA:89,1
DA:90,1
DA:91,0
DA:93,1
DA:97,9
DA:98,1
DA:100,1
DA:101,1
DA:102,0
DA:104,1
DA:109,9
DA:110,9
DA:111,1
DA:188,1
DA:189,6
DA:190,6
DA:191,6
DA:193,6
DA:194,12
DA:196,6
DA:199,1
DA:200,15
DA:201,15
DA:202,15
DA:204,15
DA:206,15
DA:207,0
DA:211,15
DA:212,0
DA:215,15
DA:217,15
DA:218,0
DA:221,15
DA:222,15
DA:225,15
DA:228,15
DA:229,3
DA:230,3
DA:231,0
DA:234,3
DA:236,3
DA:239,15
DA:242,0
DA:243,0
DA:247,1
DA:248,3
DA:253,1
DA:254,3
LF:69
LH:57
BRDA:23,1,0,9
BRDA:23,1,1,9
BRDA:75,2,0,0
BRDA:75,2,1,0
BRDA:90,3,0,0
BRDA:90,3,1,1
BRDA:101,4,0,0
BRDA:101,4,1,1
BRDA:206,5,0,0
BRDA:206,5,1,15
BRDA:211,6,0,0
BRDA:211,6,1,15
BRDA:217,7,0,0
BRDA:217,7,1,15
BRDA:221,8,0,15
BRDA:221,8,1,0
BRDA:228,9,0,3
BRDA:228,9,1,12
BRDA:230,10,0,0
BRDA:230,10,1,3
BRDA:242,11,0,0
BRDA:242,11,1,0
BRDA:242,11,2,0
BRF:23
BRH:11
end_of_record
TN:
SF:./js/src/viewer/manifestListItem.js
FN:1,(anonymous_1)
FN:3,(anonymous_2)
FN:32,(anonymous_3)
FN:39,(anonymous_4)
FN:54,(anonymous_5)
FN:75,(anonymous_6)
FN:88,(anonymous_7)
FN:118,(anonymous_8)
FN:133,(anonymous_9)
FN:142,(anonymous_10)
FN:146,(anonymous_11)
FN:149,(anonymous_12)
FN:154,(anonymous_13)
FN:157,(anonymous_14)
FN:162,(anonymous_15)
FN:171,(anonymous_16)
FN:182,(anonymous_17)
FN:241,(anonymous_18)
FN:245,(anonymous_19)
FNF:19
FNH:14
FNDA:1,(anonymous_1)
FNDA:9,(anonymous_2)
FNDA:9,(anonymous_3)
FNDA:9,(anonymous_4)
FNDA:15,(anonymous_5)
FNDA:9,(anonymous_6)
FNDA:9,(anonymous_7)
FNDA:9,(anonymous_8)
FNDA:9,(anonymous_9)
FNDA:0,(anonymous_10)
FNDA:9,(anonymous_11)
FNDA:2,(anonymous_12)
FNDA:9,(anonymous_13)
FNDA:0,(anonymous_14)
FNDA:2,(anonymous_15)
FNDA:0,(anonymous_16)
FNDA:2,(anonymous_17)
FNDA:0,(anonymous_18)
FNDA:0,(anonymous_19)
DA:1,1
DA:3,1
DA:5,9
DA:26,9
DA:30,1
DA:33,9
DA:36,9
DA:37,9
DA:39,9
DA:40,9
DA:41,7
DA:43,2
DA:47,9
DA:49,9
DA:50,7
DA:51,1
DA:53,6
DA:54,6
DA:55,15
DA:56,15
DA:57,15
DA:58,15
DA:59,1
DA:60,1
DA:61,14
DA:62,5
DA:63,5
DA:68,2
DA:71,9
DA:72,9
DA:76,9
DA:80,9
DA:88,9
DA:89,9
DA:90,9
DA:91,2
DA:92,2
DA:93,0
DA:94,0
DA:96,7
DA:99,9
DA:100,11
DA:101,11
DA:102,0
DA:105,11
DA:107,11
DA:109,11
DA:118,9
DA:119,9
DA:121,9
DA:122,9
DA:124,9
DA:125,9
DA:127,9
DA:128,9
DA:130,0
DA:133,9
DA:134,9
DA:135,9
DA:136,2
DA:147,9
DA:149,9
DA:150,2
DA:155,9
DA:157,9
DA:159,0
DA:162,9
DA:163,2
DA:168,2
DA:171,9
DA:172,0
DA:173,0
DA:178,0
DA:183,2
DA:185,2
DA:186,2
DA:189,2
DA:190,0
DA:191,0
DA:193,0
DA:194,0
DA:197,0
DA:199,0
DA:203,0
DA:204,0
DA:206,0
DA:208,2
DA:210,0
DA:213,0
DA:215,0
DA:216,0
DA:217,0
DA:218,0
DA:221,0
DA:224,0
DA:225,0
DA:226,0
DA:227,0
DA:231,0
DA:232,0
DA:234,0
DA:237,2
DA:238,2
DA:242,0
DA:246,0
LF:105
LH:72
BRDA:40,1,0,7
BRDA:40,1,1,2
BRDA:49,2,0,7
BRDA:49,2,1,2
BRDA:50,3,0,1
BRDA:50,3,1,6
BRDA:58,4,0,1
BRDA:58,4,1,14
BRDA:58,5,0,15
BRDA:58,5,1,1
BRDA:58,5,2,0
BRDA:61,6,0,5
BRDA:61,6,1,9
BRDA:61,7,0,14
BRDA:61,7,1,14
BRDA:61,7,2,11
BRDA:90,8,0,2
BRDA:90,8,1,7
BRDA:91,9,0,2
BRDA:91,9,1,0
BRDA:93,10,0,0
BRDA:93,10,1,0
BRDA:101,11,0,0
BRDA:101,11,1,11
BRDA:122,12,0,9
BRDA:122,12,1,0
BRDA:124,13,0,9
BRDA:124,13,1,0
BRDA:135,14,0,2
BRDA:135,14,1,7
BRDA:189,15,0,0
BRDA:189,15,1,2
BRDA:193,16,0,0
BRDA:193,16,1,0
BRDA:203,17,0,0
BRDA:203,17,1,0
BRDA:203,18,0,0
BRDA:203,18,1,0
BRDA:208,19,0,0
BRDA:208,19,1,2
BRDA:211,20,0,0
BRDA:211,20,1,0
BRDA:215,21,0,0
BRDA:215,21,1,0
BRDA:226,22,0,0
BRDA:226,22,1,0
BRDA:231,23,0,0
BRDA:231,23,1,0
BRDA:231,24,0,0
BRDA:231,24,1,0
BRF:50
BRH:25
end_of_record
TN:
SF:./js/src/viewer/manifestsPanel.js
FN:1,(anonymous_1)
FN:3,(anonymous_2)
FN:24,(anonymous_3)
FN:47,(anonymous_4)
FN:51,(anonymous_5)
FN:55,(anonymous_6)
FN:60,(anonymous_7)
FN:64,(anonymous_8)
FN:69,(anonymous_9)
FN:74,(anonymous_10)
FN:78,(anonymous_11)
FN:82,(anonymous_12)
FN:87,(anonymous_13)
FN:92,(anonymous_14)
FN:97,(anonymous_15)
FN:102,(anonymous_16)
FN:107,(anonymous_17)
FN:110,(anonymous_18)
FN:118,(anonymous_19)
FN:126,(anonymous_20)
FN:132,(anonymous_21)
FNF:21
FNH:20
FNDA:1,(anonymous_1)
FNDA:12,(anonymous_2)
FNDA:12,(anonymous_3)
FNDA:12,(anonymous_4)
FNDA:5,(anonymous_5)
FNDA:3,(anonymous_6)
FNDA:12,(anonymous_7)
FNDA:1,(anonymous_8)
FNDA:1,(anonymous_9)
FNDA:5,(anonymous_10)
FNDA:0,(anonymous_11)
FNDA:5,(anonymous_12)
FNDA:3,(anonymous_13)
FNDA:3,(anonymous_14)
FNDA:1,(anonymous_15)
FNDA:1,(anonymous_16)
FNDA:7,(anonymous_17)
FNDA:2,(anonymous_18)
FNDA:5,(anonymous_19)
FNDA:6,(anonymous_20)
FNDA:4,(anonymous_21)
DA:1,1
DA:3,1
DA:5,12
DA:17,12
DA:18,12
DA:22,1
DA:25,12
DA:28,12
DA:32,12
DA:33,12
DA:34,12
DA:35,12
DA:36,12
DA:37,12
DA:43,12
DA:44,12
DA:48,12
DA:51,12
DA:52,5
DA:55,12
DA:56,3
DA:61,12
DA:64,12
DA:65,1
DA:66,1
DA:69,12
DA:70,1
DA:74,12
DA:75,5
DA:78,12
DA:79,0
DA:82,12
DA:83,5
DA:88,3
DA:89,3
DA:93,3
DA:94,3
DA:98,1
DA:99,1
DA:103,1
DA:104,1
DA:108,7
DA:109,7
DA:110,2
DA:111,2
DA:114,5
DA:119,5
DA:120,5
DA:121,5
DA:122,5
DA:123,5
DA:127,6
DA:128,6
DA:129,3
DA:133,4
DA:134,4
DA:140,4
LF:57
LH:56
BRDA:109,1,0,2
BRDA:109,1,1,5
BRDA:128,2,0,3
BRDA:128,2,1,3
BRF:4
BRH:4
end_of_record
TN:
SF:./js/src/viewer/workspacePanel.js
FN:1,(anonymous_1)
FN:3,(anonymous_2)
FN:18,(anonymous_3)
FN:21,(anonymous_4)
FN:22,(anonymous_5)
FN:38,(anonymous_6)
FN:40,(anonymous_7)
FN:45,(anonymous_8)
FN:48,(anonymous_9)
FN:53,(anonymous_10)
FN:58,(anonymous_11)
FN:63,(anonymous_12)
FN:70,(anonymous_13)
FN:76,(anonymous_14)
FN:85,(anonymous_15)
FN:92,(anonymous_16)
FN:96,(anonymous_17)
FN:97,(anonymous_18)
FN:108,(anonymous_19)
FNF:19
FNH:18
FNDA:1,(anonymous_1)
FNDA:13,(anonymous_2)
FNDA:13,(anonymous_3)
FNDA:65,(anonymous_4)
FNDA:205,(anonymous_5)
FNDA:13,(anonymous_6)
FNDA:5,(anonymous_7)
FNDA:13,(anonymous_8)
FNDA:1,(anonymous_9)
FNDA:1,(anonymous_10)
FNDA:1,(anonymous_11)
FNDA:1,(anonymous_12)
FNDA:1,(anonymous_13)
FNDA:15,(anonymous_14)
FNDA:1,(anonymous_15)
FNDA:5,(anonymous_16)
FNDA:1,(anonymous_17)
FNDA:0,(anonymous_18)
FNDA:6,(anonymous_19)
DA:1,1
DA:3,1
DA:5,13
DA:13,13
DA:17,1
DA:19,13
DA:22,65
DA:23,205
DA:24,205
DA:26,65
DA:30,13
DA:31,13
DA:32,13
DA:34,13
DA:35,13
DA:39,13
DA:40,13
DA:41,5
DA:46,13
DA:48,13
DA:49,1
DA:50,1
DA:53,13
DA:54,1
DA:55,1
DA:58,13
DA:59,1
DA:64,1
DA:65,1
DA:66,1
DA:67,1
DA:71,1
DA:75,1
DA:76,1
DA:77,15
DA:78,15
DA:79,15
DA:81,1
DA:82,1
DA:86,1
DA:87,1
DA:88,1
DA:89,1
DA:93,5
DA:97,1
DA:100,0
DA:103,1
DA:109,6
DA:110,6
DA:111,5
LF:50
LH:49
BRDA:78,1,0,15
BRDA:78,1,1,6
BRDA:110,2,0,1
BRDA:110,2,1,5
BRF:4
BRH:4
end_of_record
TN:
SF:./js/src/manifests/manifest.js
FN:1,(anonymous_1)
FN:3,(anonymous_2)
FN:51,(anonymous_3)
FN:59,(anonymous_4)
FN:63,(anonymous_5)
FN:68,(anonymous_6)
FN:73,(anonymous_7)
FN:80,(anonymous_8)
FN:84,(anonymous_9)
FN:87,(anonymous_10)
FN:92,(anonymous_11)
FN:135,(anonymous_12)
FN:144,(anonymous_13)
FN:148,(anonymous_14)
FN:150,(anonymous_15)
FN:162,(anonymous_16)
FN:166,(anonymous_17)
FN:216,(anonymous_18)
FN:249,(anonymous_19)
FNF:19
FNH:17
FNDA:1,(anonymous_1)
FNDA:155,(anonymous_2)
FNDA:3,(anonymous_3)
FNDA:3,(anonymous_4)
FNDA:0,(anonymous_5)
FNDA:0,(anonymous_6)
FNDA:1,(anonymous_7)
FNDA:1,(anonymous_8)
FNDA:151,(anonymous_9)
FNDA:151,(anonymous_10)
FNDA:20,(anonymous_11)
FNDA:6,(anonymous_12)
FNDA:106,(anonymous_13)
FNDA:4,(anonymous_14)
FNDA:6,(anonymous_15)
FNDA:5,(anonymous_16)
FNDA:1,(anonymous_17)
FNDA:14,(anonymous_18)
FNDA:77,(anonymous_19)
DA:1,1
DA:3,1
DA:4,155
DA:5,151
DA:11,151
DA:12,4
DA:30,1
DA:37,1
DA:39,3
DA:46,3
DA:50,1
DA:52,3
DA:53,3
DA:59,3
DA:60,3
DA:64,0
DA:65,0
DA:67,0
DA:68,0
DA:69,0
DA:74,1
DA:75,1
DA:80,1
DA:81,1
DA:85,151
DA:86,151
DA:87,151
DA:88,151
DA:90,151
DA:93,20
DA:99,20
DA:102,20
DA:104,6
DA:105,1
DA:106,5
DA:107,4
DA:108,4
DA:109,4
DA:111,4
DA:113,1
DA:116,3
DA:117,2
DA:119,3
DA:122,1
DA:126,14
DA:127,14
DA:128,14
DA:129,6
DA:131,14
DA:133,20
DA:136,6
DA:142,6
DA:145,106
DA:146,106
DA:149,4
DA:150,4
DA:151,6
DA:155,4
DA:156,1
DA:157,2
DA:160,4
DA:163,5
DA:164,5
DA:174,1
DA:214,1
DA:217,14
DA:218,14
DA:219,14
DA:220,14
DA:221,2
DA:223,12
DA:224,12
DA:226,36
DA:229,12
DA:233,0
DA:235,0
DA:239,0
DA:241,14
DA:250,77
DA:251,77
DA:252,0
DA:253,0
LF:82
LH:72
BRDA:4,1,0,151
BRDA:4,1,1,4
BRDA:12,2,0,1
BRDA:12,2,1,3
BRDA:67,3,0,0
BRDA:67,3,1,0
BRDA:102,4,0,6
BRDA:102,4,1,14
BRDA:104,5,0,1
BRDA:104,5,1,5
BRDA:106,6,0,4
BRDA:106,6,1,1
BRDA:108,7,0,4
BRDA:108,7,1,0
BRDA:111,8,0,1
BRDA:111,8,1,3
BRDA:116,9,0,2
BRDA:116,9,1,1
BRDA:127,10,0,1
BRDA:127,10,1,13
BRDA:128,11,0,6
BRDA:128,11,1,8
BRDA:146,12,0,106
BRDA:146,12,1,106
BRDA:155,13,0,1
BRDA:155,13,1,3
BRDA:155,14,0,4
BRDA:155,14,1,4
BRDA:220,15,0,2
BRDA:220,15,1,12
BRDA:223,16,0,12
BRDA:223,16,1,0
BRDA:226,17,0,12
BRDA:226,17,1,24
BRDA:226,18,0,36
BRDA:226,18,1,24
BRDA:233,19,0,0
BRDA:233,19,1,0
BRDA:233,20,0,0
BRDA:233,20,1,0
BRDA:250,21,0,77
BRDA:250,21,1,77
BRDA:251,22,0,0
BRDA:251,22,1,77
BRDA:251,23,0,77
BRDA:251,23,1,0
BRDA:253,24,0,0
BRDA:253,24,1,0
BRF:48
BRH:36
end_of_record
TN:
SF:./js/src/annotations/annotation-utils.js
FN:1,(anonymous_1)
FN:3,(anonymous_2)
FN:7,PaperItem
FN:12,(anonymous_4)
FN:15,(anonymous_5)
FN:20,(anonymous_6)
FN:24,(anonymous_7)
FN:28,(anonymous_8)
FN:32,(anonymous_9)
FN:36,(anonymous_10)
FN:40,(anonymous_11)
FN:44,(anonymous_12)
FN:48,(anonymous_13)
FN:52,(anonymous_14)
FN:56,(anonymous_15)
FN:60,(anonymous_16)
FN:65,Group
FN:73,(anonymous_18)
FN:87,PointText
FN:94,(anonymous_20)
FN:100,PointTextIcon
FN:112,(anonymous_22)
FN:117,(anonymous_23)
FN:121,(anonymous_24)
FN:125,(anonymous_25)
FN:129,(anonymous_26)
FN:133,(anonymous_27)
FN:138,(anonymous_28)
FN:144,DeleteActionIcon
FN:158,(anonymous_30)
FN:159,(anonymous_31)
FN:165,RotationIcon
FN:180,(anonymous_33)
FN:181,(anonymous_34)
FNF:34
FNH:22
FNDA:1,(anonymous_1)
FNDA:34,(anonymous_2)
FNDA:15,PaperItem
FNDA:0,(anonymous_4)
FNDA:1,(anonymous_5)
FNDA:1,(anonymous_6)
FNDA:1,(anonymous_7)
FNDA:1,(anonymous_8)
FNDA:1,(anonymous_9)
FNDA:1,(anonymous_10)
FNDA:0,(anonymous_11)
FNDA:1,(anonymous_12)
FNDA:1,(anonymous_13)
FNDA:5,(anonymous_14)
FNDA:1,(anonymous_15)
FNDA:0,(anonymous_16)
FNDA:0,Group
FNDA:11,(anonymous_18)
FNDA:4,PointText
FNDA:0,(anonymous_20)
FNDA:4,PointTextIcon
FNDA:0,(anonymous_22)
FNDA:0,(anonymous_23)
FNDA:0,(anonymous_24)
FNDA:0,(anonymous_25)
FNDA:0,(anonymous_26)
FNDA:0,(anonymous_27)
FNDA:0,(anonymous_28)
FNDA:2,DeleteActionIcon
FNDA:1,(anonymous_30)
FNDA:1,(anonymous_31)
FNDA:2,RotationIcon
FNDA:1,(anonymous_33)
FNDA:1,(anonymous_34)
DA:1,1
DA:3,1
DA:7,1
DA:8,15
DA:11,1
DA:13,0
DA:16,1
DA:17,1
DA:21,1
DA:25,1
DA:29,1
DA:33,1
DA:37,1
DA:41,0
DA:45,1
DA:49,1
DA:53,5
DA:57,1
DA:61,0
DA:65,1
DA:66,0
DA:67,0
DA:70,1
DA:71,1
DA:73,1
DA:74,11
DA:75,11
DA:76,11
DA:77,11
DA:78,0
DA:82,1
DA:84,1
DA:87,1
DA:88,4
DA:89,4
DA:92,1
DA:94,1
DA:95,0
DA:98,1
DA:100,1
DA:101,4
DA:102,4
DA:103,4
DA:104,4
DA:105,4
DA:107,4
DA:110,1
DA:112,1
DA:113,0
DA:114,0
DA:117,1
DA:118,0
DA:119,0
DA:121,1
DA:122,0
DA:123,0
DA:125,1
DA:126,0
DA:127,0
DA:129,1
DA:130,0
DA:131,0
DA:133,1
DA:134,0
DA:135,0
DA:138,1
DA:139,0
DA:142,1
DA:144,1
DA:145,2
DA:146,2
DA:147,2
DA:148,2
DA:149,2
DA:153,2
DA:156,1
DA:158,1
DA:159,1
DA:160,1
DA:161,1
DA:165,1
DA:166,2
DA:167,2
DA:168,2
DA:169,2
DA:170,2
DA:171,2
DA:175,2
DA:178,1
DA:180,1
DA:181,1
DA:182,1
DA:187,1
LF:93
LH:73
BRDA:37,1,0,0
BRDA:37,1,1,1
BRDA:77,2,0,0
BRDA:77,2,1,11
BRDA:77,3,0,11
BRDA:77,3,1,11
BRDA:146,4,0,2
BRDA:146,4,1,2
BRDA:147,5,0,2
BRDA:147,5,1,2
BRDA:168,6,0,2
BRDA:168,6,1,2
BRDA:169,7,0,2
BRDA:169,7,1,2
BRF:14
BRH:12
end_of_record
TN:
SF:./js/src/annotations/annotationTooltip.js
FN:1,(anonymous_1)
FN:3,(anonymous_2)
FN:16,(anonymous_3)
FN:33,(anonymous_4)
FN:70,(anonymous_5)
FN:75,(anonymous_6)
FN:80,(anonymous_7)
FN:83,(anonymous_8)
FN:91,(anonymous_9)
FN:125,(anonymous_10)
FN:153,(anonymous_11)
FN:156,(anonymous_12)
FN:160,(anonymous_13)
FN:164,(anonymous_14)
FN:178,(anonymous_15)
FN:188,(anonymous_16)
FN:192,(anonymous_17)
FN:202,(anonymous_18)
FN:209,(anonymous_19)
FN:212,(anonymous_20)
FN:224,(anonymous_21)
FN:249,(anonymous_22)
FN:253,(anonymous_23)
FN:258,(anonymous_24)
FN:269,(anonymous_25)
FN:291,(anonymous_26)
FN:331,(anonymous_27)
FN:341,(anonymous_28)
FN:347,(anonymous_29)
FN:350,(anonymous_30)
FN:392,(anonymous_31)
FN:420,(anonymous_32)
FNF:32
FNH:5
FNDA:1,(anonymous_1)
FNDA:2,(anonymous_2)
FNDA:2,(anonymous_3)
FNDA:1,(anonymous_4)
FNDA:0,(anonymous_5)
FNDA:0,(anonymous_6)
FNDA:0,(anonymous_7)
FNDA:0,(anonymous_8)
FNDA:0,(anonymous_9)
FNDA:1,(anonymous_10)
FNDA:0,(anonymous_11)
FNDA:0,(anonymous_12)
FNDA:0,(anonymous_13)
FNDA:0,(anonymous_14)
FNDA:0,(anonymous_15)
FNDA:0,(anonymous_16)
FNDA:0,(anonymous_17)
FNDA:0,(anonymous_18)
FNDA:0,(anonymous_19)
FNDA:0,(anonymous_20)
FNDA:0,(anonymous_21)
FNDA:0,(anonymous_22)
FNDA:0,(anonymous_23)
FNDA:0,(anonymous_24)
FNDA:0,(anonymous_25)
FNDA:0,(anonymous_26)
FNDA:0,(anonymous_27)
FNDA:0,(anonymous_28)
FNDA:0,(anonymous_29)
FNDA:0,(anonymous_30)
FNDA:0,(anonymous_31)
FNDA:0,(anonymous_32)
DA:1,1
DA:3,1
DA:4,2
DA:11,2
DA:14,1
DA:17,2
DA:18,2
DA:20,2
DA:21,2
DA:22,2
DA:34,1
DA:35,1
DA:37,1
DA:41,1
DA:43,1
DA:48,1
DA:71,0
DA:73,0
DA:75,0
DA:76,0
DA:77,0
DA:80,0
DA:81,0
DA:83,0
DA:84,0
DA:87,0
DA:91,0
DA:92,0
DA:93,0
DA:94,0
DA:96,0
DA:97,0
DA:99,0
DA:100,0
DA:101,0
DA:104,0
DA:105,0
DA:110,1
DA:126,1
DA:127,1
DA:154,0
DA:157,0
DA:158,0
DA:161,0
DA:162,0
DA:165,0
DA:166,0
DA:167,0
DA:169,0
DA:173,1
DA:174,1
DA:175,1
DA:179,0
DA:180,0
DA:181,0
DA:182,0
DA:183,0
DA:184,0
DA:185,0
DA:189,0
DA:190,0
DA:192,0
DA:193,0
DA:194,0
DA:195,0
DA:203,0
DA:210,0
DA:211,0
DA:212,0
DA:213,0
DA:214,0
DA:217,0
DA:224,0
DA:225,0
DA:226,0
DA:227,0
DA:228,0
DA:230,0
DA:231,0
DA:232,0
DA:233,0
DA:235,0
DA:236,0
DA:237,0
DA:240,0
DA:245,0
DA:250,0
DA:251,0
DA:253,0
DA:254,0
DA:255,0
DA:258,0
DA:259,0
DA:260,0
DA:261,0
DA:262,0
DA:264,0
DA:265,0
DA:269,0
DA:270,0
DA:271,0
DA:272,0
DA:273,0
DA:274,0
DA:276,0
DA:292,0
DA:293,0
DA:294,0
DA:295,0
DA:296,0
DA:298,0
DA:299,0
DA:300,0
DA:301,0
DA:302,0
DA:303,0
DA:304,0
DA:307,0
DA:308,0
DA:309,0
DA:310,0
DA:311,0
DA:312,0
DA:313,0
DA:317,0
DA:318,0
DA:319,0
DA:320,0
DA:321,0
DA:322,0
DA:323,0
DA:324,0
DA:325,0
DA:326,0
DA:332,0
DA:333,0
DA:334,0
DA:335,0
DA:336,0
DA:337,0
DA:342,0
DA:347,0
DA:348,0
DA:349,0
DA:350,0
DA:351,0
DA:352,0
DA:354,0
DA:358,0
DA:360,0
DA:361,0
DA:362,0
DA:366,0
DA:367,0
DA:368,0
DA:370,0
DA:371,0
DA:372,0
DA:374,0
DA:384,0
DA:388,0
DA:393,0
DA:394,0
DA:395,0
DA:396,0
DA:397,0
DA:401,0
DA:406,0
DA:411,0
DA:412,0
DA:413,0
DA:414,0
DA:415,0
DA:416,0
DA:421,0
DA:422,0
DA:423,0
DA:424,0
DA:425,0
DA:429,0
DA:430,0
DA:431,0
LF:182
LH:22
BRDA:35,1,0,0
BRDA:35,1,1,1
BRDA:38,2,0,1
BRDA:38,2,1,0
BRDA:93,3,0,0
BRDA:93,3,1,0
BRDA:97,4,0,0
BRDA:97,4,1,0
BRDA:154,5,0,0
BRDA:154,5,1,0
BRDA:157,6,0,0
BRDA:157,6,1,0
BRDA:165,7,0,0
BRDA:165,7,1,0
BRDA:230,8,0,0
BRDA:230,8,1,0
BRDA:294,9,0,0
BRDA:294,9,1,0
BRDA:295,10,0,0
BRDA:295,10,1,0
BRDA:295,11,0,0
BRDA:295,11,1,0
BRDA:298,12,0,0
BRDA:298,12,1,0
BRDA:299,13,0,0
BRDA:299,13,1,0
BRDA:309,14,0,0
BRDA:309,14,1,0
BRDA:311,15,0,0
BRDA:311,15,1,0
BRDA:317,16,0,0
BRDA:317,16,1,0
BRDA:317,17,0,0
BRDA:317,17,1,0
BRDA:334,18,0,0
BRDA:334,18,1,0
BRDA:349,19,0,0
BRDA:349,19,1,0
BRDA:351,20,0,0
BRDA:351,20,1,0
BRDA:361,21,0,0
BRDA:361,21,1,0
BRDA:361,22,0,0
BRDA:361,22,1,0
BRDA:367,23,0,0
BRDA:367,23,1,0
BRDA:367,24,0,0
BRDA:367,24,1,0
BRDA:371,25,0,0
BRDA:371,25,1,0
BRDA:371,26,0,0
BRDA:371,26,1,0
BRDA:394,27,0,0
BRDA:394,27,1,0
BRDA:398,28,0,0
BRDA:398,28,1,0
BRDA:415,29,0,0
BRDA:415,29,1,0
BRDA:422,30,0,0
BRDA:422,30,1,0
BRDA:430,31,0,0
BRDA:430,31,1,0
BRF:62
BRH:2
end_of_record
TN:
SF:./js/src/annotations/catchEndpoint.js
FN:17,(anonymous_1)
FN:19,(anonymous_2)
FN:41,(anonymous_3)
FN:56,(anonymous_4)
FN:65,(anonymous_5)
FN:90,(anonymous_6)
FN:96,(anonymous_7)
FN:103,(anonymous_8)
FN:114,(anonymous_9)
FN:124,(anonymous_10)
FN:130,(anonymous_11)
FN:139,(anonymous_12)
FN:143,(anonymous_13)
FN:155,(anonymous_14)
FN:161,(anonymous_15)
FN:172,(anonymous_16)
FN:175,(anonymous_17)
FN:180,(anonymous_18)
FN:192,(anonymous_19)
FN:198,(anonymous_20)
FN:206,(anonymous_21)
FN:233,(anonymous_22)
FN:245,(anonymous_23)
FN:309,(anonymous_24)
FN:312,(anonymous_25)
FN:319,(anonymous_26)
FN:329,(anonymous_27)
FN:345,(anonymous_28)
FN:347,(anonymous_29)
FN:349,(anonymous_30)
FN:350,(anonymous_31)
FN:351,(anonymous_32)
FN:352,(anonymous_33)
FNF:33
FNH:1
FNDA:1,(anonymous_1)
FNDA:0,(anonymous_2)
FNDA:0,(anonymous_3)
FNDA:0,(anonymous_4)
FNDA:0,(anonymous_5)
FNDA:0,(anonymous_6)
FNDA:0,(anonymous_7)
FNDA:0,(anonymous_8)
FNDA:0,(anonymous_9)
FNDA:0,(anonymous_10)
FNDA:0,(anonymous_11)
FNDA:0,(anonymous_12)
FNDA:0,(anonymous_13)
FNDA:0,(anonymous_14)
FNDA:0,(anonymous_15)
FNDA:0,(anonymous_16)
FNDA:0,(anonymous_17)
FNDA:0,(anonymous_18)
FNDA:0,(anonymous_19)
FNDA:0,(anonymous_20)
FNDA:0,(anonymous_21)
FNDA:0,(anonymous_22)
FNDA:0,(anonymous_23)
FNDA:0,(anonymous_24)
FNDA:0,(anonymous_25)
FNDA:0,(anonymous_26)
FNDA:0,(anonymous_27)
FNDA:0,(anonymous_28)
FNDA:0,(anonymous_29)
FNDA:0,(anonymous_30)
FNDA:0,(anonymous_31)
FNDA:0,(anonymous_32)
FNDA:0,(anonymous_33)
DA:17,1
DA:19,1
DA:21,0
DA:36,0
DA:39,1
DA:42,0
DA:57,0
DA:58,0
DA:60,0
DA:66,0
DA:67,0
DA:69,0
DA:92,0
DA:93,0
DA:95,0
DA:96,0
DA:97,0
DA:99,0
DA:100,0
DA:104,0
DA:105,0
DA:107,0
DA:115,0
DA:116,0
DA:125,0
DA:126,0
DA:128,0
DA:131,0
DA:132,0
DA:140,0
DA:143,0
DA:144,0
DA:146,0
DA:156,0
DA:157,0
DA:159,0
DA:162,0
DA:163,0
DA:173,0
DA:175,0
DA:176,0
DA:181,0
DA:183,0
DA:193,0
DA:194,0
DA:196,0
DA:199,0
DA:200,0
DA:207,0
DA:209,0
DA:210,0
DA:213,0
DA:214,0
DA:216,0
DA:217,0
DA:220,0
DA:221,0
DA:223,0
DA:224,0
DA:226,0
DA:229,0
DA:234,0
DA:241,0
DA:243,0
DA:244,0
DA:245,0
DA:246,0
DA:252,0
DA:253,0
DA:254,0
DA:256,0
DA:257,0
DA:258,0
DA:260,0
DA:261,0
DA:263,0
DA:264,0
DA:273,0
DA:274,0
DA:283,0
DA:289,0
DA:292,0
DA:305,0
DA:310,0
DA:312,0
DA:313,0
DA:314,0
DA:317,0
DA:319,0
DA:320,0
DA:324,0
DA:325,0
DA:328,0
DA:329,0
DA:330,0
DA:331,0
DA:332,0
DA:333,0
DA:336,0
DA:337,0
DA:339,0
DA:340,0
DA:341,0
DA:342,0
DA:344,0
DA:345,0
DA:346,0
DA:347,0
DA:349,0
DA:350,0
DA:351,0
DA:352,0
DA:354,0
DA:361,0
DA:362,0
DA:363,0
DA:364,0
DA:365,0
DA:367,0
DA:368,0
DA:369,0
DA:371,0
DA:374,0
DA:375,0
DA:376,0
DA:377,0
DA:379,0
DA:381,0
DA:382,0
DA:383,0
DA:384,0
DA:385,0
DA:387,0
LF:133
LH:3
BRDA:57,1,0,0
BRDA:57,1,1,0
BRDA:78,2,0,0
BRDA:78,2,1,0
BRDA:79,3,0,0
BRDA:79,3,1,0
BRDA:80,4,0,0
BRDA:80,4,1,0
BRDA:81,5,0,0
BRDA:81,5,1,0
BRDA:82,6,0,0
BRDA:82,6,1,0
BRDA:85,7,0,0
BRDA:85,7,1,0
BRDA:86,8,0,0
BRDA:86,8,1,0
BRDA:92,9,0,0
BRDA:92,9,1,0
BRDA:104,10,0,0
BRDA:104,10,1,0
BRDA:125,11,0,0
BRDA:125,11,1,0
BRDA:131,12,0,0
BRDA:131,12,1,0
BRDA:156,13,0,0
BRDA:156,13,1,0
BRDA:162,14,0,0
BRDA:162,14,1,0
BRDA:193,15,0,0
BRDA:193,15,1,0
BRDA:199,16,0,0
BRDA:199,16,1,0
BRDA:209,17,0,0
BRDA:209,17,1,0
BRDA:209,18,0,0
BRDA:209,18,1,0
BRDA:209,18,2,0
BRDA:213,19,0,0
BRDA:213,19,1,0
BRDA:214,20,0,0
BRDA:214,20,1,0
BRDA:216,21,0,0
BRDA:216,21,1,0
BRDA:220,22,0,0
BRDA:220,22,1,0
BRDA:224,23,0,0
BRDA:224,23,1,0
BRDA:243,24,0,0
BRDA:243,24,1,0
BRDA:252,25,0,0
BRDA:252,25,1,0
BRDA:252,26,0,0
BRDA:252,26,1,0
BRDA:258,27,0,0
BRDA:258,27,1,0
BRDA:261,28,0,0
BRDA:261,28,1,0
BRDA:313,29,0,0
BRDA:313,29,1,0
BRDA:324,30,0,0
BRDA:324,30,1,0
BRDA:330,31,0,0
BRDA:330,31,1,0
BRDA:332,32,0,0
BRDA:332,32,1,0
BRDA:368,33,0,0
BRDA:368,33,1,0
BRDA:375,34,0,0
BRDA:375,34,1,0
BRF:69
BRH:0
end_of_record
TN:
SF:./js/src/annotations/endpoint.js
FN:17,(anonymous_1)
FN:19,(anonymous_2)
FN:32,(anonymous_3)
FN:37,(anonymous_4)
FN:48,(anonymous_5)
FN:53,(anonymous_6)
FN:59,(anonymous_7)
FN:68,(anonymous_8)
FN:76,(anonymous_9)
FN:81,(anonymous_10)
FN:90,(anonymous_11)
FN:101,(anonymous_12)
FN:106,(anonymous_13)
FN:116,(anonymous_14)
FN:126,(anonymous_15)
FN:131,(anonymous_16)
FN:139,(anonymous_17)
FN:148,(anonymous_18)
FN:152,(anonymous_19)
FNF:19
FNH:1
FNDA:1,(anonymous_1)
FNDA:0,(anonymous_2)
FNDA:0,(anonymous_3)
FNDA:0,(anonymous_4)
FNDA:0,(anonymous_5)
FNDA:0,(anonymous_6)
FNDA:0,(anonymous_7)
FNDA:0,(anonymous_8)
FNDA:0,(anonymous_9)
FNDA:0,(anonymous_10)
FNDA:0,(anonymous_11)
FNDA:0,(anonymous_12)
FNDA:0,(anonymous_13)
FNDA:0,(anonymous_14)
FNDA:0,(anonymous_15)
FNDA:0,(anonymous_16)
FNDA:0,(anonymous_17)
FNDA:0,(anonymous_18)
FNDA:0,(anonymous_19)
DA:17,1
DA:19,1
DA:21,0
DA:28,0
DA:31,1
DA:38,0
DA:41,0
DA:50,0
DA:51,0
DA:53,0
DA:54,0
DA:56,0
DA:60,0
DA:61,0
DA:69,0
DA:70,0
DA:77,0
DA:78,0
DA:82,0
DA:83,0
DA:91,0
DA:94,0
DA:102,0
DA:103,0
DA:107,0
DA:108,0
DA:117,0
DA:119,0
DA:127,0
DA:128,0
DA:132,0
DA:133,0
DA:140,0
DA:141,0
DA:143,0
LF:35
LH:3
BRDA:50,1,0,0
BRDA:50,1,1,0
BRDA:60,2,0,0
BRDA:60,2,1,0
BRDA:77,3,0,0
BRDA:77,3,1,0
BRDA:82,4,0,0
BRDA:82,4,1,0
BRDA:102,5,0,0
BRDA:102,5,1,0
BRDA:107,6,0,0
BRDA:107,6,1,0
BRDA:127,7,0,0
BRDA:127,7,1,0
BRDA:132,8,0,0
BRDA:132,8,1,0
BRDA:140,9,0,0
BRDA:140,9,1,0
BRF:18
BRH:0
end_of_record
TN:
SF:./js/src/annotations/legacyOpenAnnotationStrategy.js
FN:1,(anonymous_1)
FN:3,(anonymous_2)
FN:11,(anonymous_3)
FN:16,(anonymous_4)
FN:24,(anonymous_5)
FN:34,(anonymous_6)
FNF:6
FNH:6
FNDA:1,(anonymous_1)
FNDA:11,(anonymous_2)
FNDA:11,(anonymous_3)
FNDA:8,(anonymous_4)
FNDA:1,(anonymous_5)
FNDA:4,(anonymous_6)
DA:1,1
DA:3,1
DA:4,11
DA:7,11
DA:10,1
DA:17,8
DA:18,2
DA:20,6
DA:25,1
DA:29,1
DA:30,1
DA:35,4
DA:36,1
LF:13
LH:13
BRDA:17,1,0,2
BRDA:17,1,1,6
BRDA:17,2,0,8
BRDA:17,2,1,8
BRDA:35,3,0,1
BRDA:35,3,1,3
BRF:6
BRH:6
end_of_record
TN:
SF:./js/src/annotations/localStorageEndpoint.js
FN:17,(anonymous_1)
FN:19,(anonymous_2)
FN:35,(anonymous_3)
FN:38,(anonymous_4)
FN:47,(anonymous_5)
FN:53,(anonymous_6)
FN:70,(anonymous_7)
FN:73,(anonymous_8)
FN:84,(anonymous_9)
FN:87,(anonymous_10)
FN:92,(anonymous_11)
FN:99,(anonymous_12)
FN:114,(anonymous_13)
FN:118,(anonymous_14)
FN:129,(anonymous_15)
FN:135,(anonymous_16)
FN:143,(anonymous_17)
FN:150,(anonymous_18)
FN:167,(anonymous_19)
FN:170,(anonymous_20)
FN:181,(anonymous_21)
FN:190,(anonymous_22)
FN:197,(anonymous_23)
FN:212,(anonymous_24)
FN:221,(anonymous_25)
FNF:25
FNH:1
FNDA:1,(anonymous_1)
FNDA:0,(anonymous_2)
FNDA:0,(anonymous_3)
FNDA:0,(anonymous_4)
FNDA:0,(anonymous_5)
FNDA:0,(anonymous_6)
FNDA:0,(anonymous_7)
FNDA:0,(anonymous_8)
FNDA:0,(anonymous_9)
FNDA:0,(anonymous_10)
FNDA:0,(anonymous_11)
FNDA:0,(anonymous_12)
FNDA:0,(anonymous_13)
FNDA:0,(anonymous_14)
FNDA:0,(anonymous_15)
FNDA:0,(anonymous_16)
FNDA:0,(anonymous_17)
FNDA:0,(anonymous_18)
FNDA:0,(anonymous_19)
FNDA:0,(anonymous_20)
FNDA:0,(anonymous_21)
FNDA:0,(anonymous_22)
FNDA:0,(anonymous_23)
FNDA:0,(anonymous_24)
FNDA:0,(anonymous_25)
DA:17,1
DA:19,1
DA:21,0
DA:30,0
DA:33,1
DA:39,0
DA:40,0
DA:42,0
DA:48,0
DA:49,0
DA:51,0
DA:52,0
DA:53,0
DA:54,0
DA:56,0
DA:57,0
DA:59,0
DA:62,0
DA:63,0
DA:65,0
DA:71,0
DA:73,0
DA:74,0
DA:75,0
DA:79,0
DA:80,0
DA:81,0
DA:84,0
DA:85,0
DA:87,0
DA:88,0
DA:92,0
DA:93,0
DA:96,0
DA:99,0
DA:100,0
DA:103,0
DA:104,0
DA:107,0
DA:108,0
DA:115,0
DA:118,0
DA:119,0
DA:120,0
DA:124,0
DA:125,0
DA:126,0
DA:129,0
DA:130,0
DA:131,0
DA:132,0
DA:135,0
DA:136,0
DA:137,0
DA:138,0
DA:143,0
DA:144,0
DA:147,0
DA:150,0
DA:151,0
DA:154,0
DA:155,0
DA:158,0
DA:159,0
DA:168,0
DA:170,0
DA:171,0
DA:172,0
DA:176,0
DA:177,0
DA:178,0
DA:181,0
DA:182,0
DA:183,0
DA:184,0
DA:186,0
DA:187,0
DA:190,0
DA:191,0
DA:194,0
DA:197,0
DA:198,0
DA:201,0
DA:202,0
DA:205,0
DA:206,0
DA:213,0
DA:214,0
DA:215,0
DA:217,0
DA:222,0
LF:91
LH:3
BRDA:39,1,0,0
BRDA:39,1,1,0
BRDA:56,2,0,0
BRDA:56,2,1,0
BRDA:62,3,0,0
BRDA:62,3,1,0
BRDA:74,4,0,0
BRDA:74,4,1,0
BRDA:79,5,0,0
BRDA:79,5,1,0
BRDA:80,6,0,0
BRDA:80,6,1,0
BRDA:103,7,0,0
BRDA:103,7,1,0
BRDA:107,8,0,0
BRDA:107,8,1,0
BRDA:119,9,0,0
BRDA:119,9,1,0
BRDA:124,10,0,0
BRDA:124,10,1,0
BRDA:125,11,0,0
BRDA:125,11,1,0
BRDA:131,12,0,0
BRDA:131,12,1,0
BRDA:136,13,0,0
BRDA:136,13,1,0
BRDA:154,14,0,0
BRDA:154,14,1,0
BRDA:158,15,0,0
BRDA:158,15,1,0
BRDA:171,16,0,0
BRDA:171,16,1,0
BRDA:176,17,0,0
BRDA:176,17,1,0
BRDA:177,18,0,0
BRDA:177,18,1,0
BRDA:183,19,0,0
BRDA:183,19,1,0
BRDA:201,20,0,0
BRDA:201,20,1,0
BRDA:205,21,0,0
BRDA:205,21,1,0
BRDA:214,22,0,0
BRDA:214,22,1,0
BRF:44
BRH:0
end_of_record
TN:
SF:./js/src/annotations/mirador21Strategy.js
FN:1,(anonymous_1)
FN:3,(anonymous_2)
FN:11,(anonymous_3)
FN:16,(anonymous_4)
FN:27,(anonymous_5)
FN:48,(anonymous_6)
FNF:6
FNH:6
FNDA:1,(anonymous_1)
FNDA:11,(anonymous_2)
FNDA:11,(anonymous_3)
FNDA:10,(anonymous_4)
FNDA:1,(anonymous_5)
FNDA:5,(anonymous_6)
DA:1,1
DA:3,1
DA:4,11
DA:7,11
DA:10,1
DA:17,10
DA:21,4
DA:23,6
DA:28,1
DA:32,1
DA:44,1
DA:49,5
DA:50,2
LF:13
LH:13
BRDA:17,1,0,4
BRDA:17,1,1,6
BRDA:17,2,0,10
BRDA:17,2,1,10
BRDA:17,2,2,8
BRDA:17,2,3,6
BRDA:17,2,4,6
BRDA:17,2,5,6
BRDA:17,2,6,6
BRDA:49,3,0,2
BRDA:49,3,1,3
BRF:11
BRH:11
end_of_record
TN:
SF:./js/src/annotations/miradorDualStrategy.js
FN:1,(anonymous_1)
FN:3,(anonymous_2)
FN:11,(anonymous_3)
FN:16,(anonymous_4)
FN:31,(anonymous_5)
FN:36,(anonymous_6)
FN:64,(anonymous_7)
FN:67,(anonymous_8)
FNF:8
FNH:8
FNDA:1,(anonymous_1)
FNDA:11,(anonymous_2)
FNDA:11,(anonymous_3)
FNDA:8,(anonymous_4)
FNDA:1,(anonymous_5)
FNDA:1,(anonymous_6)
FNDA:4,(anonymous_7)
FNDA:1,(anonymous_8)
DA:1,1
DA:3,1
DA:4,11
DA:7,11
DA:10,1
DA:17,8
DA:25,2
DA:27,6
DA:32,1
DA:35,1
DA:36,1
DA:38,1
DA:40,1
DA:60,1
DA:65,4
DA:66,1
DA:67,1
DA:68,1
DA:70,1
LF:19
LH:19
BRDA:17,1,0,2
BRDA:17,1,1,6
BRDA:17,2,0,8
BRDA:17,2,1,8
BRDA:17,2,2,2
BRDA:17,2,3,2
BRDA:17,2,4,2
BRDA:17,2,5,2
BRDA:17,2,6,2
BRDA:17,2,7,2
BRDA:17,2,8,2
BRDA:17,2,9,2
BRDA:17,2,10,2
BRDA:17,2,11,2
BRDA:17,2,12,2
BRDA:17,2,13,2
BRDA:17,2,14,2
BRDA:25,3,0,2
BRDA:25,3,1,2
BRDA:65,4,0,1
BRDA:65,4,1,3
BRF:21
BRH:21
end_of_record
TN:
SF:./js/src/annotations/miradorLegacyStrategy.js
FN:1,(anonymous_1)
FN:3,(anonymous_2)
FN:11,(anonymous_3)
FN:16,(anonymous_4)
FN:27,(anonymous_5)
FN:44,(anonymous_6)
FNF:6
FNH:6
FNDA:1,(anonymous_1)
FNDA:11,(anonymous_2)
FNDA:11,(anonymous_3)
FNDA:8,(anonymous_4)
FNDA:1,(anonymous_5)
FNDA:4,(anonymous_6)
DA:1,1
DA:3,1
DA:4,11
DA:7,11
DA:10,1
DA:17,8
DA:21,2
DA:23,6
DA:28,1
DA:32,1
DA:40,1
DA:45,4
DA:46,1
LF:13
LH:13
BRDA:17,1,0,2
BRDA:17,1,1,6
BRDA:17,2,0,8
BRDA:17,2,1,8
BRDA:17,2,2,6
BRDA:17,2,3,4
BRDA:17,2,4,4
BRDA:17,2,5,4
BRDA:17,2,6,4
BRDA:45,3,0,1
BRDA:45,3,1,3
BRF:11
BRH:11
end_of_record
TN:
SF:./js/src/annotations/osd-region-draw-tool.js
FN:1,(anonymous_1)
FN:2,(anonymous_2)
FN:19,(anonymous_3)
FN:27,(anonymous_4)
FN:40,(anonymous_5)
FN:53,(anonymous_6)
FN:63,(anonymous_7)
FN:69,(anonymous_8)
FN:77,(anonymous_9)
FN:87,(anonymous_10)
FN:132,(anonymous_11)
FN:144,(anonymous_12)
FN:156,(anonymous_13)
FN:195,(anonymous_14)
FN:216,(anonymous_15)
FN:219,(anonymous_16)
FN:225,(anonymous_17)
FN:229,(anonymous_18)
FN:235,(anonymous_19)
FN:239,(anonymous_20)
FN:245,(anonymous_21)
FN:252,(anonymous_22)
FN:253,(anonymous_23)
FN:261,(anonymous_24)
FN:273,(anonymous_25)
FN:281,(anonymous_26)
FN:286,(anonymous_27)
FN:287,(anonymous_28)
FN:292,(anonymous_29)
FN:294,(anonymous_30)
FNF:30
FNH:8
FNDA:1,(anonymous_1)
FNDA:2,(anonymous_2)
FNDA:2,(anonymous_3)
FNDA:0,(anonymous_4)
FNDA:0,(anonymous_5)
FNDA:0,(anonymous_6)
FNDA:0,(anonymous_7)
FNDA:0,(anonymous_8)
FNDA:0,(anonymous_9)
FNDA:1,(anonymous_10)
FNDA:1,(anonymous_11)
FNDA:0,(anonymous_12)
FNDA:0,(anonymous_13)
FNDA:0,(anonymous_14)
FNDA:2,(anonymous_15)
FNDA:0,(anonymous_16)
FNDA:0,(anonymous_17)
FNDA:0,(anonymous_18)
FNDA:0,(anonymous_19)
FNDA:0,(anonymous_20)
FNDA:0,(anonymous_21)
FNDA:0,(anonymous_22)
FNDA:0,(anonymous_23)
FNDA:0,(anonymous_24)
FNDA:0,(anonymous_25)
FNDA:0,(anonymous_26)
FNDA:0,(anonymous_27)
FNDA:0,(anonymous_28)
FNDA:1,(anonymous_29)
FNDA:7,(anonymous_30)
DA:1,1
DA:2,1
DA:3,2
DA:12,2
DA:14,2
DA:17,1
DA:20,2
DA:21,2
DA:22,2
DA:24,2
DA:28,0
DA:32,0
DA:33,0
DA:34,0
DA:36,0
DA:43,0
DA:44,0
DA:45,0
DA:46,0
DA:47,0
DA:49,0
DA:54,0
DA:55,0
DA:56,0
DA:57,0
DA:59,0
DA:64,0
DA:65,0
DA:66,0
DA:72,0
DA:74,0
DA:78,0
DA:79,0
DA:80,0
DA:81,0
DA:83,0
DA:88,1
DA:89,0
DA:91,1
DA:92,1
DA:93,1
DA:94,1
DA:95,1
DA:96,1
DA:103,1
DA:104,1
DA:105,1
DA:106,1
DA:107,0
DA:108,0
DA:109,0
DA:112,1
DA:116,1
DA:117,1
DA:123,1
DA:128,1
DA:129,1
DA:133,1
DA:134,1
DA:135,1
DA:136,1
DA:137,0
DA:141,0
DA:145,0
DA:153,0
DA:157,0
DA:158,0
DA:163,0
DA:164,0
DA:165,0
DA:166,0
DA:167,0
DA:168,0
DA:169,0
DA:170,0
DA:171,0
DA:172,0
DA:173,0
DA:174,0
DA:175,0
DA:178,0
DA:180,0
DA:181,0
DA:187,0
DA:192,0
DA:197,0
DA:198,0
DA:199,0
DA:200,0
DA:201,0
DA:202,0
DA:204,0
DA:205,0
DA:206,0
DA:207,0
DA:209,0
DA:211,0
DA:217,2
DA:219,2
DA:220,0
DA:223,2
DA:225,2
DA:226,0
DA:229,2
DA:230,0
DA:231,0
DA:235,2
DA:236,0
DA:239,2
DA:240,0
DA:241,0
DA:245,2
DA:246,0
DA:247,0
DA:249,0
DA:252,2
DA:253,0
DA:255,0
DA:256,0
DA:257,0
DA:259,0
DA:261,0
DA:262,0
DA:263,0
DA:264,0
DA:266,0
DA:269,0
DA:270,0
DA:273,0
DA:274,0
DA:278,0
DA:281,2
DA:282,0
DA:287,0
DA:288,0
DA:293,1
DA:294,1
DA:295,7
DA:297,1
LF:139
LH:45
BRDA:32,1,0,0
BRDA:32,1,1,0
BRDA:43,2,0,0
BRDA:43,2,1,0
BRDA:54,3,0,0
BRDA:54,3,1,0
BRDA:80,4,0,0
BRDA:80,4,1,0
BRDA:88,5,0,0
BRDA:88,5,1,1
BRDA:107,6,0,0
BRDA:107,6,1,0
BRDA:133,7,0,1
BRDA:133,7,1,0
BRDA:133,8,0,1
BRDA:133,8,1,1
BRDA:135,9,0,1
BRDA:135,9,1,0
BRDA:166,10,0,0
BRDA:166,10,1,0
BRDA:171,11,0,0
BRDA:171,11,1,0
BRDA:173,12,0,0
BRDA:173,12,1,0
BRDA:180,13,0,0
BRDA:180,13,1,0
BRDA:197,14,0,0
BRDA:197,14,1,0
BRDA:201,15,0,0
BRDA:201,15,1,0
BRDA:201,16,0,0
BRDA:201,16,1,0
BRDA:206,17,0,0
BRDA:206,17,1,0
BRDA:206,18,0,0
BRDA:206,18,1,0
BRDA:230,19,0,0
BRDA:230,19,1,0
BRDA:230,20,0,0
BRDA:230,20,1,0
BRDA:240,21,0,0
BRDA:240,21,1,0
BRDA:246,22,0,0
BRDA:246,22,1,0
BRDA:255,23,0,0
BRDA:255,23,1,0
BRDA:256,24,0,0
BRDA:256,24,1,0
BRDA:263,25,0,0
BRDA:263,25,1,0
BRF:50
BRH:5
end_of_record
TN:
SF:./js/src/annotations/osd-svg-ellipse.js
FN:1,(anonymous_1)
FN:2,(anonymous_2)
FN:14,(anonymous_3)
FN:17,(anonymous_4)
FN:58,(anonymous_5)
FN:159,(anonymous_6)
FN:186,(anonymous_7)
FN:203,(anonymous_8)
FN:211,(anonymous_9)
FN:221,(anonymous_10)
FN:235,(anonymous_11)
FN:354,(anonymous_12)
FN:364,(anonymous_13)
FN:383,(anonymous_14)
FN:436,(anonymous_15)
FNF:15
FNH:14
FNDA:1,(anonymous_1)
FNDA:27,(anonymous_2)
FNDA:27,(anonymous_3)
FNDA:27,(anonymous_4)
FNDA:34,(anonymous_5)
FNDA:1,(anonymous_6)
FNDA:3,(anonymous_7)
FNDA:2,(anonymous_8)
FNDA:1,(anonymous_9)
FNDA:1,(anonymous_10)
FNDA:5,(anonymous_11)
FNDA:1,(anonymous_12)
FNDA:11,(anonymous_13)
FNDA:9,(anonymous_14)
FNDA:0,(anonymous_15)
DA:1,1
DA:2,1
DA:3,27
DA:10,27
DA:13,1
DA:18,27
DA:19,27
DA:29,27
DA:30,27
DA:31,27
DA:32,27
DA:33,27
DA:34,27
DA:35,27
DA:36,27
DA:37,27
DA:38,27
DA:39,27
DA:40,27
DA:41,27
DA:45,27
DA:46,27
DA:47,27
DA:48,27
DA:49,27
DA:50,27
DA:51,27
DA:52,27
DA:53,27
DA:54,27
DA:55,27
DA:59,34
DA:60,33
DA:61,1
DA:63,33
DA:64,33
DA:65,33
DA:66,33
DA:67,33
DA:68,33
DA:69,33
DA:70,33
DA:71,33
DA:72,33
DA:73,33
DA:74,33
DA:75,33
DA:77,33
DA:81,31
DA:82,31
DA:83,31
DA:84,31
DA:87,31
DA:88,27
DA:93,27
DA:94,27
DA:95,27
DA:96,27
DA:98,27
DA:99,27
DA:103,31
DA:105,27
DA:110,27
DA:111,27
DA:112,27
DA:113,27
DA:115,27
DA:117,27
DA:121,31
DA:122,27
DA:125,31
DA:126,0
DA:127,0
DA:128,0
DA:131,31
DA:132,0
DA:133,0
DA:134,0
DA:138,2
DA:139,1
DA:140,1
DA:141,1
DA:144,2
DA:145,1
DA:146,1
DA:149,2
DA:150,1
DA:151,1
DA:154,2
DA:160,1
DA:161,1
DA:162,1
DA:164,1
DA:165,1
DA:166,1
DA:169,1
DA:172,1
DA:173,0
DA:175,0
DA:176,0
DA:177,0
DA:180,0
DA:187,3
DA:190,3
DA:191,2
DA:192,2
DA:193,2
DA:196,3
DA:197,1
DA:198,1
DA:199,1
DA:204,2
DA:205,1
DA:206,1
DA:207,0
DA:212,1
DA:213,10
DA:214,10
DA:217,1
DA:218,1
DA:222,1
DA:223,1
DA:224,1
DA:227,1
DA:229,1
DA:230,1
DA:232,1
DA:236,5
DA:237,1
DA:238,1
DA:241,4
DA:242,1
DA:243,1
DA:246,3
DA:247,2
DA:248,2
DA:249,8
DA:250,2
DA:251,2
DA:255,2
DA:256,2
DA:257,2
DA:258,2
DA:259,2
DA:260,2
DA:261,2
DA:262,2
DA:263,2
DA:264,2
DA:266,2
DA:267,2
DA:268,2
DA:269,2
DA:270,2
DA:271,1
DA:272,1
DA:273,1
DA:274,1
DA:275,1
DA:276,1
DA:277,1
DA:278,1
DA:279,1
DA:280,1
DA:281,1
DA:283,2
DA:285,1
DA:287,1
DA:288,1
DA:289,1
DA:290,1
DA:291,1
DA:292,1
DA:293,1
DA:294,1
DA:296,2
DA:297,2
DA:298,2
DA:299,2
DA:301,2
DA:302,1
DA:303,1
DA:304,1
DA:305,1
DA:306,1
DA:307,1
DA:308,1
DA:309,1
DA:311,2
DA:312,1
DA:313,1
DA:314,1
DA:315,1
DA:316,1
DA:317,1
DA:318,1
DA:319,1
DA:321,2
DA:322,2
DA:323,2
DA:324,2
DA:325,2
DA:326,2
DA:327,2
DA:328,2
DA:330,2
DA:331,2
DA:332,2
DA:333,2
DA:337,2
DA:338,0
DA:339,0
DA:342,2
DA:343,0
DA:344,0
DA:347,2
DA:348,0
DA:350,2
DA:355,1
DA:356,1
DA:357,1
DA:358,0
DA:366,11
DA:367,3
DA:368,3
DA:372,8
DA:373,0
DA:374,0
DA:377,8
DA:378,8
DA:384,9
DA:385,9
DA:386,8
DA:388,8
DA:389,0
DA:390,0
DA:391,0
DA:393,0
DA:396,8
DA:397,8
DA:398,8
DA:399,8
DA:400,8
DA:403,8
DA:404,0
DA:405,0
DA:406,0
DA:411,9
DA:412,0
DA:413,0
DA:414,0
DA:415,0
DA:417,0
DA:419,0
DA:422,9
DA:423,8
DA:424,0
DA:425,0
DA:426,0
DA:428,8
DA:429,8
DA:431,8
DA:433,1
LF:263
LH:227
BRDA:59,1,0,33
BRDA:59,1,1,1
BRDA:60,2,0,1
BRDA:60,2,1,32
BRDA:77,3,0,31
BRDA:77,3,1,2
BRDA:83,4,0,31
BRDA:83,4,1,0
BRDA:87,5,0,27
BRDA:87,5,1,4
BRDA:103,6,0,27
BRDA:103,6,1,4
BRDA:121,7,0,27
BRDA:121,7,1,4
BRDA:125,8,0,0
BRDA:125,8,1,31
BRDA:131,9,0,0
BRDA:131,9,1,31
BRDA:138,10,0,1
BRDA:138,10,1,1
BRDA:144,11,0,1
BRDA:144,11,1,1
BRDA:149,12,0,1
BRDA:149,12,1,1
BRDA:160,13,0,1
BRDA:160,13,1,0
BRDA:161,14,0,1
BRDA:161,14,1,0
BRDA:164,15,0,1
BRDA:164,15,1,0
BRDA:172,16,0,0
BRDA:172,16,1,1
BRDA:175,17,0,0
BRDA:175,17,1,0
BRDA:190,18,0,2
BRDA:190,18,1,1
BRDA:190,19,0,3
BRDA:190,19,1,2
BRDA:196,20,0,1
BRDA:196,20,1,2
BRDA:196,21,0,3
BRDA:196,21,1,1
BRDA:204,22,0,1
BRDA:204,22,1,1
BRDA:204,23,0,2
BRDA:204,23,1,1
BRDA:206,24,0,0
BRDA:206,24,1,1
BRDA:206,25,0,1
BRDA:206,25,1,1
BRDA:206,25,2,0
BRDA:236,26,0,1
BRDA:236,26,1,4
BRDA:241,27,0,1
BRDA:241,27,1,3
BRDA:246,28,0,2
BRDA:246,28,1,1
BRDA:246,29,0,3
BRDA:246,29,1,3
BRDA:249,30,0,2
BRDA:249,30,1,6
BRDA:262,31,0,2
BRDA:262,31,1,0
BRDA:262,32,0,2
BRDA:262,32,1,1
BRDA:262,32,2,1
BRDA:262,32,3,0
BRDA:266,33,0,2
BRDA:266,33,1,1
BRDA:266,33,2,1
BRDA:266,33,3,1
BRDA:266,33,4,1
BRDA:267,34,0,2
BRDA:267,34,1,1
BRDA:267,34,2,1
BRDA:268,35,0,2
BRDA:268,35,1,2
BRDA:268,35,2,2
BRDA:269,36,0,2
BRDA:269,36,1,1
BRDA:269,36,2,1
BRDA:270,37,0,1
BRDA:270,37,1,1
BRDA:283,38,0,1
BRDA:283,38,1,1
BRDA:296,39,0,2
BRDA:296,39,1,0
BRDA:296,40,0,2
BRDA:296,40,1,1
BRDA:301,41,0,1
BRDA:301,41,1,1
BRDA:311,42,0,1
BRDA:311,42,1,1
BRDA:321,43,0,2
BRDA:321,43,1,0
BRDA:321,44,0,2
BRDA:321,44,1,1
BRDA:332,45,0,2
BRDA:332,45,1,0
BRDA:337,46,0,0
BRDA:337,46,1,2
BRDA:342,47,0,0
BRDA:342,47,1,2
BRDA:347,48,0,0
BRDA:347,48,1,2
BRDA:356,49,0,1
BRDA:356,49,1,0
BRDA:356,50,0,1
BRDA:356,50,1,1
BRDA:357,51,0,0
BRDA:357,51,1,1
BRDA:357,52,0,1
BRDA:357,52,1,1
BRDA:357,52,2,0
BRDA:366,53,0,3
BRDA:366,53,1,8
BRDA:366,54,0,11
BRDA:366,54,1,10
BRDA:366,54,2,8
BRDA:372,55,0,0
BRDA:372,55,1,8
BRDA:377,56,0,8
BRDA:377,56,1,0
BRDA:385,57,0,8
BRDA:385,57,1,1
BRDA:385,58,0,9
BRDA:385,58,1,8
BRDA:386,59,0,8
BRDA:386,59,1,0
BRDA:386,60,0,8
BRDA:386,60,1,8
BRDA:386,60,2,8
BRDA:388,61,0,0
BRDA:388,61,1,8
BRDA:390,62,0,0
BRDA:390,62,1,0
BRDA:396,63,0,8
BRDA:396,63,1,0
BRDA:403,64,0,0
BRDA:403,64,1,8
BRDA:403,65,0,8
BRDA:403,65,1,8
BRDA:403,65,2,8
BRDA:411,66,0,0
BRDA:411,66,1,9
BRDA:412,67,0,0
BRDA:412,67,1,0
BRDA:422,68,0,8
BRDA:422,68,1,1
BRDA:423,69,0,0
BRDA:423,69,1,8
BRF:151
BRH:117
end_of_record
TN:
SF:./js/src/annotations/osd-svg-freehand.js
FN:1,(anonymous_1)
FN:2,(anonymous_2)
FN:14,(anonymous_3)
FN:17,(anonymous_4)
FN:31,(anonymous_5)
FN:60,(anonymous_6)
FN:71,(anonymous_7)
FN:84,(anonymous_8)
FN:99,(anonymous_9)
FN:113,(anonymous_10)
FN:130,(anonymous_11)
FN:140,(anonymous_12)
FN:177,(anonymous_13)
FN:186,(anonymous_14)
FN:208,(anonymous_15)
FN:252,(anonymous_16)
FNF:16
FNH:15
FNDA:1,(anonymous_1)
FNDA:13,(anonymous_2)
FNDA:13,(anonymous_3)
FNDA:14,(anonymous_4)
FNDA:3,(anonymous_5)
FNDA:1,(anonymous_6)
FNDA:4,(anonymous_7)
FNDA:4,(anonymous_8)
FNDA:4,(anonymous_9)
FNDA:3,(anonymous_10)
FNDA:2,(anonymous_11)
FNDA:5,(anonymous_12)
FNDA:1,(anonymous_13)
FNDA:3,(anonymous_14)
FNDA:10,(anonymous_15)
FNDA:0,(anonymous_16)
DA:1,1
DA:2,1
DA:3,13
DA:10,13
DA:13,1
DA:18,14
DA:19,14
DA:20,14
DA:26,14
DA:27,14
DA:28,14
DA:32,3
DA:34,2
DA:36,2
DA:37,2
DA:38,2
DA:42,2
DA:43,2
DA:44,2
DA:45,2
DA:47,2
DA:48,2
DA:52,0
DA:53,0
DA:54,0
DA:61,1
DA:62,1
DA:64,1
DA:65,1
DA:72,4
DA:74,4
DA:75,13
DA:78,4
DA:85,4
DA:86,4
DA:88,4
DA:89,13
DA:90,13
DA:93,4
DA:100,4
DA:101,4
DA:102,4
DA:103,13
DA:104,13
DA:107,4
DA:114,3
DA:117,3
DA:118,2
DA:119,2
DA:120,2
DA:123,3
DA:124,1
DA:125,1
DA:126,1
DA:132,2
DA:133,2
DA:134,0
DA:135,0
DA:141,5
DA:142,1
DA:143,1
DA:144,1
DA:145,1
DA:147,1
DA:148,1
DA:149,1
DA:153,1
DA:156,4
DA:157,1
DA:158,1
DA:159,1
DA:160,1
DA:161,1
DA:164,1
DA:167,3
DA:168,1
DA:170,1
DA:171,1
DA:172,1
DA:178,1
DA:179,1
DA:180,1
DA:181,1
DA:187,3
DA:188,1
DA:189,1
DA:191,2
DA:192,0
DA:193,0
DA:197,2
DA:198,1
DA:199,1
DA:202,1
DA:203,1
DA:209,10
DA:210,10
DA:211,8
DA:212,0
DA:213,0
DA:216,8
DA:218,7
DA:219,3
DA:220,3
DA:221,3
DA:224,4
DA:226,4
DA:227,1
DA:228,1
DA:229,1
DA:233,3
DA:234,3
DA:235,3
DA:236,3
DA:240,2
DA:241,2
DA:246,3
DA:247,2
DA:248,2
LF:118
LH:109
BRDA:32,1,0,2
BRDA:32,1,1,1
BRDA:36,2,0,2
BRDA:36,2,1,0
BRDA:37,3,0,2
BRDA:37,3,1,0
BRDA:52,4,0,0
BRDA:52,4,1,0
BRDA:61,5,0,1
BRDA:61,5,1,0
BRDA:62,6,0,1
BRDA:62,6,1,0
BRDA:117,7,0,2
BRDA:117,7,1,1
BRDA:117,8,0,3
BRDA:117,8,1,2
BRDA:123,9,0,1
BRDA:123,9,1,2
BRDA:123,10,0,3
BRDA:123,10,1,1
BRDA:132,11,0,2
BRDA:132,11,1,0
BRDA:133,12,0,0
BRDA:133,12,1,2
BRDA:141,13,0,1
BRDA:141,13,1,4
BRDA:142,14,0,1
BRDA:142,14,1,0
BRDA:156,15,0,1
BRDA:156,15,1,3
BRDA:157,16,0,1
BRDA:157,16,1,0
BRDA:160,17,0,1
BRDA:160,17,1,0
BRDA:167,18,0,1
BRDA:167,18,1,2
BRDA:170,19,0,1
BRDA:170,19,1,0
BRDA:179,20,0,1
BRDA:179,20,1,0
BRDA:179,21,0,1
BRDA:179,21,1,1
BRDA:180,22,0,1
BRDA:180,22,1,0
BRDA:180,23,0,1
BRDA:180,23,1,1
BRDA:180,23,2,1
BRDA:187,24,0,1
BRDA:187,24,1,2
BRDA:191,25,0,0
BRDA:191,25,1,2
BRDA:191,26,0,2
BRDA:191,26,1,2
BRDA:197,27,0,1
BRDA:197,27,1,1
BRDA:202,28,0,1
BRDA:202,28,1,0
BRDA:210,29,0,8
BRDA:210,29,1,2
BRDA:210,30,0,10
BRDA:210,30,1,8
BRDA:211,31,0,0
BRDA:211,31,1,8
BRDA:216,32,0,7
BRDA:216,32,1,1
BRDA:218,33,0,3
BRDA:218,33,1,4
BRDA:224,34,0,4
BRDA:224,34,1,0
BRDA:224,35,0,4
BRDA:224,35,1,1
BRDA:224,35,2,1
BRDA:226,36,0,1
BRDA:226,36,1,3
BRDA:227,37,0,1
BRDA:227,37,1,0
BRDA:240,38,0,2
BRDA:240,38,1,0
BRDA:246,39,0,2
BRDA:246,39,1,1
BRF:80
BRH:60
end_of_record
TN:
SF:./js/src/annotations/osd-svg-overlay.js
FN:1,(anonymous_1)
FN:2,(anonymous_2)
FN:11,(anonymous_3)
FN:18,(anonymous_4)
FN:64,(anonymous_5)
FN:82,(anonymous_6)
FN:92,(anonymous_7)
FN:125,(anonymous_8)
FN:136,(anonymous_9)
FN:142,(anonymous_10)
FN:148,(anonymous_11)
FN:158,(anonymous_12)
FN:165,(anonymous_13)
FN:173,(anonymous_14)
FN:176,(anonymous_15)
FN:179,(anonymous_16)
FN:191,(anonymous_17)
FN:197,(anonymous_18)
FN:201,(anonymous_19)
FN:217,(anonymous_20)
FN:222,(anonymous_21)
FN:230,(anonymous_22)
FN:243,(anonymous_23)
FN:267,(anonymous_24)
FN:278,(anonymous_25)
FN:291,(anonymous_26)
FN:299,(anonymous_27)
FN:317,(anonymous_28)
FN:328,(anonymous_29)
FN:335,(anonymous_30)
FN:348,(anonymous_31)
FN:352,(anonymous_32)
FN:369,(anonymous_33)
FN:384,(anonymous_34)
FN:385,(anonymous_35)
FN:402,(anonymous_36)
FN:409,(anonymous_37)
FN:423,(anonymous_38)
FN:432,(anonymous_39)
FN:438,(anonymous_40)
FN:445,(anonymous_41)
FN:453,(anonymous_42)
FN:465,(anonymous_43)
FN:485,(anonymous_44)
FN:518,(anonymous_45)
FN:536,(anonymous_46)
FN:564,(anonymous_47)
FN:588,(anonymous_48)
FN:652,(anonymous_49)
FN:660,(anonymous_50)
FN:670,(anonymous_51)
FN:681,(anonymous_52)
FN:688,(anonymous_53)
FN:731,(anonymous_54)
FN:775,(anonymous_55)
FN:786,(anonymous_56)
FN:791,(anonymous_57)
FN:797,(anonymous_58)
FN:807,(anonymous_59)
FN:848,(anonymous_60)
FN:885,(anonymous_61)
FN:911,(anonymous_62)
FN:942,(anonymous_63)
FN:950,(anonymous_64)
FN:955,(anonymous_65)
FN:959,(anonymous_66)
FN:967,(anonymous_67)
FN:974,(anonymous_68)
FN:980,(anonymous_69)
FN:986,(anonymous_70)
FN:990,(anonymous_71)
FN:996,(anonymous_72)
FN:1000,(anonymous_73)
FN:1033,(anonymous_74)
FN:1076,(anonymous_75)
FN:1079,(anonymous_76)
FN:1087,(anonymous_77)
FN:1089,(anonymous_78)
FN:1096,(anonymous_79)
FN:1115,(anonymous_80)
FN:1118,(anonymous_81)
FNF:81
FNH:35
FNDA:1,(anonymous_1)
FNDA:76,(anonymous_2)
FNDA:0,(anonymous_3)
FNDA:23,(anonymous_4)
FNDA:0,(anonymous_5)
FNDA:23,(anonymous_6)
FNDA:0,(anonymous_7)
FNDA:26,(anonymous_8)
FNDA:0,(anonymous_9)
FNDA:27,(anonymous_10)
FNDA:0,(anonymous_11)
FNDA:0,(anonymous_12)
FNDA:0,(anonymous_13)
FNDA:23,(anonymous_14)
FNDA:0,(anonymous_15)
FNDA:0,(anonymous_16)
FNDA:0,(anonymous_17)
FNDA:0,(anonymous_18)
FNDA:4,(anonymous_19)
FNDA:0,(anonymous_20)
FNDA:2,(anonymous_21)
FNDA:2,(anonymous_22)
FNDA:0,(anonymous_23)
FNDA:0,(anonymous_24)
FNDA:0,(anonymous_25)
FNDA:0,(anonymous_26)
FNDA:0,(anonymous_27)
FNDA:0,(anonymous_28)
FNDA:0,(anonymous_29)
FNDA:0,(anonymous_30)
FNDA:0,(anonymous_31)
FNDA:0,(anonymous_32)
FNDA:0,(anonymous_33)
FNDA:0,(anonymous_34)
FNDA:0,(anonymous_35)
FNDA:0,(anonymous_36)
FNDA:0,(anonymous_37)
FNDA:0,(anonymous_38)
FNDA:0,(anonymous_39)
FNDA:0,(anonymous_40)
FNDA:1,(anonymous_41)
FNDA:1,(anonymous_42)
FNDA:4,(anonymous_43)
FNDA:1,(anonymous_44)
FNDA:2,(anonymous_45)
FNDA:2,(anonymous_46)
FNDA:2,(anonymous_47)
FNDA:8,(anonymous_48)
FNDA:3,(anonymous_49)
FNDA:0,(anonymous_50)
FNDA:8,(anonymous_51)
FNDA:0,(anonymous_52)
FNDA:23,(anonymous_53)
FNDA:6,(anonymous_54)
FNDA:3,(anonymous_55)
FNDA:1,(anonymous_56)
FNDA:1,(anonymous_57)
FNDA:13,(anonymous_58)
FNDA:5,(anonymous_59)
FNDA:0,(anonymous_60)
FNDA:3,(anonymous_61)
FNDA:0,(anonymous_62)
FNDA:0,(anonymous_63)
FNDA:0,(anonymous_64)
FNDA:23,(anonymous_65)
FNDA:0,(anonymous_66)
FNDA:0,(anonymous_67)
FNDA:0,(anonymous_68)
FNDA:0,(anonymous_69)
FNDA:0,(anonymous_70)
FNDA:0,(anonymous_71)
FNDA:11,(anonymous_72)
FNDA:2,(anonymous_73)
FNDA:3,(anonymous_74)
FNDA:0,(anonymous_75)
FNDA:0,(anonymous_76)
FNDA:0,(anonymous_77)
FNDA:0,(anonymous_78)
FNDA:1,(anonymous_79)
FNDA:1,(anonymous_80)
FNDA:15,(anonymous_81)
DA:1,1
DA:2,1
DA:3,76
DA:4,75
DA:6,1
DA:7,1
DA:8,1
DA:11,1
DA:12,0
DA:16,1
DA:18,1
DA:19,23
DA:20,23
DA:21,23
DA:22,23
DA:23,23
DA:53,23
DA:54,23
DA:56,23
DA:57,23
DA:58,23
DA:59,23
DA:60,23
DA:61,23
DA:62,23
DA:64,23
DA:65,23
DA:68,23
DA:70,23
DA:71,23
DA:72,23
DA:73,23
DA:74,23
DA:76,23
DA:77,23
DA:78,23
DA:81,1
DA:84,23
DA:85,23
DA:86,23
DA:87,23
DA:88,23
DA:89,23
DA:90,23
DA:91,23
DA:92,23
DA:93,0
DA:94,0
DA:95,0
DA:97,0
DA:98,0
DA:99,0
DA:100,0
DA:116,23
DA:118,23
DA:119,23
DA:126,26
DA:127,26
DA:129,26
DA:130,26
DA:131,26
DA:132,26
DA:133,26
DA:134,26
DA:135,26
DA:136,26
DA:143,27
DA:144,4
DA:149,0
DA:150,0
DA:159,0
DA:166,0
DA:174,23
DA:176,23
DA:177,0
DA:179,23
DA:180,0
DA:181,0
DA:183,23
DA:184,23
DA:185,23
DA:186,23
DA:187,23
DA:188,23
DA:189,23
DA:191,23
DA:192,0
DA:195,23
DA:197,23
DA:198,0
DA:201,23
DA:203,4
DA:205,2
DA:208,2
DA:209,2
DA:210,2
DA:211,10
DA:212,2
DA:217,23
DA:218,0
DA:220,23
DA:222,23
DA:223,2
DA:224,2
DA:225,1
DA:226,1
DA:230,23
DA:231,2
DA:232,2
DA:233,0
DA:235,2
DA:236,2
DA:237,1
DA:238,1
DA:239,1
DA:243,23
DA:244,0
DA:245,0
DA:246,0
DA:247,0
DA:248,0
DA:249,0
DA:250,0
DA:251,0
DA:252,0
DA:253,0
DA:254,0
DA:255,0
DA:256,0
DA:257,0
DA:258,0
DA:260,0
DA:261,0
DA:262,0
DA:263,0
DA:267,23
DA:268,0
DA:269,0
DA:270,0
DA:279,0
DA:284,0
DA:285,0
DA:292,0
DA:293,0
DA:300,0
DA:306,0
DA:307,0
DA:313,0
DA:314,0
DA:317,0
DA:318,0
DA:319,0
DA:325,0
DA:326,0
DA:335,23
DA:337,0
DA:342,0
DA:344,0
DA:348,23
DA:349,0
DA:352,23
DA:354,0
DA:355,0
DA:356,0
DA:357,0
DA:358,0
DA:362,0
DA:363,0
DA:369,0
DA:372,0
DA:373,0
DA:376,0
DA:378,0
DA:379,0
DA:380,0
DA:384,23
DA:385,0
DA:386,0
DA:387,0
DA:389,0
DA:390,0
DA:391,0
DA:393,0
DA:394,0
DA:403,0
DA:410,0
DA:411,0
DA:412,0
DA:419,0
DA:423,23
DA:424,0
DA:425,0
DA:426,0
DA:427,0
DA:428,0
DA:432,23
DA:433,0
DA:434,0
DA:435,0
DA:438,23
DA:440,0
DA:441,0
DA:442,0
DA:445,23
DA:446,1
DA:447,1
DA:455,1
DA:456,1
DA:457,1
DA:458,1
DA:461,1
DA:462,1
DA:466,4
DA:467,4
DA:468,4
DA:470,4
DA:471,0
DA:473,4
DA:474,0
DA:476,4
DA:477,0
DA:479,4
DA:480,0
DA:482,4
DA:486,1
DA:487,1
DA:490,1
DA:492,0
DA:493,0
DA:497,1
DA:498,0
DA:503,1
DA:505,0
DA:506,0
DA:510,1
DA:511,0
DA:515,1
DA:519,2
DA:520,1
DA:529,1
DA:531,1
DA:537,2
DA:538,1
DA:539,1
DA:540,1
DA:542,0
DA:543,0
DA:545,1
DA:546,1
DA:548,1
DA:552,1
DA:555,1
DA:559,1
DA:561,2
DA:565,2
DA:567,1
DA:568,0
DA:569,1
DA:570,1
DA:572,0
DA:574,1
DA:575,1
DA:576,1
DA:579,1
DA:583,1
DA:585,2
DA:589,8
DA:590,1
DA:592,7
DA:593,7
DA:594,7
DA:595,7
DA:596,1
DA:597,1
DA:599,6
DA:600,6
DA:602,6
DA:603,0
DA:604,0
DA:607,6
DA:609,2
DA:610,2
DA:611,1
DA:615,2
DA:616,0
DA:618,2
DA:619,1
DA:624,5
DA:625,1
DA:626,1
DA:629,1
DA:631,1
DA:633,1
DA:635,4
DA:636,1
DA:637,1
DA:642,5
DA:643,4
DA:644,4
DA:645,4
DA:648,6
DA:649,6
DA:654,3
DA:655,3
DA:656,2
DA:661,0
DA:663,0
DA:664,0
DA:665,0
DA:666,0
DA:672,8
DA:673,8
DA:674,8
DA:675,7
DA:676,7
DA:682,0
DA:683,0
DA:684,0
DA:689,23
DA:690,23
DA:696,23
DA:697,23
DA:698,23
DA:699,23
DA:700,23
DA:701,23
DA:702,23
DA:703,23
DA:704,23
DA:705,0
DA:706,0
DA:707,0
DA:712,0
DA:713,0
DA:716,0
DA:717,0
DA:718,0
DA:720,0
DA:721,0
DA:723,0
DA:724,0
DA:725,0
DA:732,6
DA:733,1
DA:736,5
DA:737,0
DA:738,0
DA:741,5
DA:743,1
DA:744,1
DA:745,1
DA:747,1
DA:750,1
DA:751,0
DA:754,1
DA:755,0
DA:756,0
DA:758,0
DA:762,1
DA:763,1
DA:765,1
DA:769,4
DA:770,0
DA:771,0
DA:776,3
DA:777,0
DA:778,0
DA:780,3
DA:781,0
DA:782,0
DA:787,1
DA:788,1
DA:792,1
DA:793,1
DA:798,13
DA:799,28
DA:800,10
DA:810,5
DA:811,5
DA:812,1
DA:815,5
DA:820,5
DA:821,5
DA:822,5
DA:823,5
DA:824,5
DA:825,5
DA:828,5
DA:829,0
DA:831,5
DA:832,5
DA:835,5
DA:836,5
DA:837,5
DA:838,5
DA:839,5
DA:840,0
DA:842,5
DA:843,5
DA:849,0
DA:850,0
DA:851,0
DA:855,0
DA:856,0
DA:857,0
DA:858,0
DA:859,0
DA:860,0
DA:861,0
DA:862,0
DA:863,0
DA:864,0
DA:865,0
DA:866,0
DA:872,0
DA:873,0
DA:874,0
DA:875,0
DA:876,0
DA:877,0
DA:878,0
DA:879,0
DA:880,0
DA:881,0
DA:882,0
DA:886,3
DA:887,3
DA:888,3
DA:889,3
DA:890,0
DA:892,3
DA:894,3
DA:895,3
DA:896,3
DA:898,2
DA:899,2
DA:900,4
DA:902,2
DA:904,1
DA:906,3
DA:907,3
DA:912,0
DA:913,0
DA:914,0
DA:915,0
DA:916,0
DA:917,0
DA:918,0
DA:919,0
DA:920,0
DA:921,0
DA:922,0
DA:923,0
DA:926,0
DA:927,0
DA:928,0
DA:930,0
DA:931,0
DA:932,0
DA:933,0
DA:934,0
DA:935,0
DA:943,0
DA:944,0
DA:945,0
DA:946,0
DA:951,0
DA:952,0
DA:956,23
DA:960,0
DA:962,0
DA:963,0
DA:968,0
DA:969,0
DA:970,0
DA:971,0
DA:975,0
DA:976,0
DA:977,0
DA:981,0
DA:983,0
DA:987,0
DA:991,0
DA:992,0
DA:993,0
DA:997,11
DA:1001,2
DA:1002,2
DA:1003,1
DA:1004,1
DA:1005,2
DA:1006,2
DA:1007,0
DA:1009,2
DA:1010,2
DA:1011,2
DA:1014,2
DA:1016,1
DA:1018,1
DA:1019,1
DA:1020,0
DA:1022,1
DA:1023,1
DA:1024,1
DA:1027,1
DA:1029,2
DA:1030,2
DA:1035,3
DA:1036,3
DA:1037,1
DA:1039,2
DA:1040,2
DA:1041,1
DA:1045,2
DA:1046,2
DA:1047,2
DA:1048,2
DA:1050,2
DA:1051,2
DA:1052,2
DA:1053,2
DA:1054,2
DA:1056,2
DA:1058,2
DA:1059,2
DA:1060,1
DA:1068,2
DA:1069,0
DA:1070,0
DA:1072,2
DA:1073,2
DA:1074,1
DA:1077,0
DA:1080,0
DA:1083,1
DA:1088,0
DA:1089,0
DA:1090,0
DA:1091,0
DA:1097,1
DA:1098,1
DA:1099,0
DA:1100,0
DA:1102,1
DA:1103,1
DA:1104,0
DA:1106,1
DA:1107,1
DA:1108,1
DA:1109,1
DA:1110,1
DA:1116,1
DA:1118,1
DA:1119,15
DA:1122,1
DA:1123,1
DA:1124,1
DA:1125,1
DA:1126,1
DA:1127,1
DA:1128,1
DA:1129,1
LF:562
LH:329
BRDA:3,1,0,75
BRDA:3,1,1,1
BRDA:42,2,0,23
BRDA:42,2,1,23
BRDA:93,3,0,0
BRDA:93,3,1,0
BRDA:97,4,0,0
BRDA:97,4,1,0
BRDA:97,5,0,0
BRDA:97,5,1,0
BRDA:97,5,2,0
BRDA:97,5,3,0
BRDA:97,5,4,0
BRDA:99,6,0,0
BRDA:99,6,1,0
BRDA:99,7,0,0
BRDA:99,7,1,0
BRDA:143,8,0,4
BRDA:143,8,1,23
BRDA:203,9,0,2
BRDA:203,9,1,2
BRDA:211,10,0,2
BRDA:211,10,1,8
BRDA:224,11,0,1
BRDA:224,11,1,1
BRDA:232,12,0,0
BRDA:232,12,1,2
BRDA:236,13,0,1
BRDA:236,13,1,1
BRDA:236,14,0,2
BRDA:236,14,1,1
BRDA:244,15,0,0
BRDA:244,15,1,0
BRDA:247,16,0,0
BRDA:247,16,1,0
BRDA:250,17,0,0
BRDA:250,17,1,0
BRDA:253,18,0,0
BRDA:253,18,1,0
BRDA:256,19,0,0
BRDA:256,19,1,0
BRDA:260,20,0,0
BRDA:260,20,1,0
BRDA:269,21,0,0
BRDA:269,21,1,0
BRDA:355,22,0,0
BRDA:355,22,1,0
BRDA:355,23,0,0
BRDA:355,23,1,0
BRDA:393,24,0,0
BRDA:393,24,1,0
BRDA:411,25,0,0
BRDA:411,25,1,0
BRDA:427,26,0,0
BRDA:427,26,1,0
BRDA:446,27,0,1
BRDA:446,27,1,0
BRDA:456,28,0,1
BRDA:456,28,1,0
BRDA:470,29,0,0
BRDA:470,29,1,4
BRDA:473,30,0,0
BRDA:473,30,1,4
BRDA:476,31,0,0
BRDA:476,31,1,4
BRDA:479,32,0,0
BRDA:479,32,1,4
BRDA:490,33,0,0
BRDA:490,33,1,1
BRDA:492,34,0,0
BRDA:492,34,1,0
BRDA:497,35,0,0
BRDA:497,35,1,1
BRDA:503,36,0,0
BRDA:503,36,1,1
BRDA:505,37,0,0
BRDA:505,37,1,0
BRDA:510,38,0,0
BRDA:510,38,1,1
BRDA:519,39,0,1
BRDA:519,39,1,1
BRDA:529,40,0,1
BRDA:529,40,1,0
BRDA:537,41,0,1
BRDA:537,41,1,1
BRDA:539,42,0,1
BRDA:539,42,1,0
BRDA:540,43,0,0
BRDA:540,43,1,1
BRDA:540,44,0,1
BRDA:540,44,1,0
BRDA:545,45,0,1
BRDA:545,45,1,0
BRDA:565,46,0,1
BRDA:565,46,1,1
BRDA:567,47,0,0
BRDA:567,47,1,1
BRDA:569,48,0,1
BRDA:569,48,1,0
BRDA:569,49,0,1
BRDA:569,49,1,1
BRDA:575,50,0,1
BRDA:575,50,1,0
BRDA:589,51,0,1
BRDA:589,51,1,7
BRDA:595,52,0,1
BRDA:595,52,1,6
BRDA:602,53,0,0
BRDA:602,53,1,6
BRDA:602,54,0,6
BRDA:602,54,1,2
BRDA:607,55,0,2
BRDA:607,55,1,4
BRDA:607,56,0,6
BRDA:607,56,1,4
BRDA:610,57,0,1
BRDA:610,57,1,1
BRDA:615,58,0,0
BRDA:615,58,1,2
BRDA:618,59,0,1
BRDA:618,59,1,1
BRDA:624,60,0,1
BRDA:624,60,1,4
BRDA:624,61,0,5
BRDA:624,61,1,3
BRDA:624,61,2,3
BRDA:624,61,3,1
BRDA:635,62,0,1
BRDA:635,62,1,3
BRDA:635,63,0,4
BRDA:635,63,1,3
BRDA:642,64,0,4
BRDA:642,64,1,1
BRDA:655,65,0,2
BRDA:655,65,1,1
BRDA:663,66,0,0
BRDA:663,66,1,0
BRDA:672,67,0,8
BRDA:672,67,1,0
BRDA:672,68,0,8
BRDA:672,68,1,8
BRDA:674,69,0,7
BRDA:674,69,1,1
BRDA:682,70,0,0
BRDA:682,70,1,0
BRDA:682,71,0,0
BRDA:682,71,1,0
BRDA:704,72,0,0
BRDA:704,72,1,23
BRDA:704,73,0,23
BRDA:704,73,1,0
BRDA:717,74,0,0
BRDA:717,74,1,0
BRDA:720,75,0,0
BRDA:720,75,1,0
BRDA:724,76,0,0
BRDA:724,76,1,0
BRDA:732,77,0,1
BRDA:732,77,1,5
BRDA:736,78,0,0
BRDA:736,78,1,5
BRDA:736,79,0,5
BRDA:736,79,1,0
BRDA:741,80,0,1
BRDA:741,80,1,4
BRDA:743,81,0,1
BRDA:743,81,1,0
BRDA:747,82,0,1
BRDA:747,82,1,0
BRDA:747,83,0,1
BRDA:747,83,1,1
BRDA:750,84,0,0
BRDA:750,84,1,1
BRDA:750,85,0,1
BRDA:750,85,1,1
BRDA:754,86,0,0
BRDA:754,86,1,1
BRDA:755,87,0,0
BRDA:755,87,1,0
BRDA:769,88,0,0
BRDA:769,88,1,4
BRDA:769,89,0,4
BRDA:769,89,1,0
BRDA:776,90,0,0
BRDA:776,90,1,3
BRDA:780,91,0,0
BRDA:780,91,1,3
BRDA:799,92,0,10
BRDA:799,92,1,18
BRDA:811,93,0,1
BRDA:811,93,1,4
BRDA:811,94,0,5
BRDA:811,94,1,3
BRDA:811,94,2,3
BRDA:820,95,0,5
BRDA:820,95,1,5
BRDA:824,96,0,5
BRDA:824,96,1,0
BRDA:828,97,0,0
BRDA:828,97,1,5
BRDA:831,98,0,5
BRDA:831,98,1,0
BRDA:839,99,0,0
BRDA:839,99,1,5
BRDA:860,100,0,0
BRDA:860,100,1,0
BRDA:863,101,0,0
BRDA:863,101,1,0
BRDA:889,102,0,0
BRDA:889,102,1,3
BRDA:896,103,0,2
BRDA:896,103,1,1
BRDA:914,104,0,0
BRDA:914,104,1,0
BRDA:920,105,0,0
BRDA:920,105,1,0
BRDA:922,106,0,0
BRDA:922,106,1,0
BRDA:926,107,0,0
BRDA:926,107,1,0
BRDA:934,108,0,0
BRDA:934,108,1,0
BRDA:943,109,0,0
BRDA:943,109,1,0
BRDA:943,110,0,0
BRDA:943,110,1,0
BRDA:943,110,2,0
BRDA:962,111,0,0
BRDA:962,111,1,0
BRDA:962,112,0,0
BRDA:962,112,1,0
BRDA:1002,113,0,1
BRDA:1002,113,1,1
BRDA:1006,114,0,0
BRDA:1006,114,1,2
BRDA:1019,115,0,0
BRDA:1019,115,1,1
BRDA:1036,116,0,1
BRDA:1036,116,1,2
BRDA:1040,117,0,1
BRDA:1040,117,1,1
BRDA:1045,118,0,2
BRDA:1045,118,1,2
BRDA:1059,119,0,1
BRDA:1059,119,1,1
BRDA:1059,120,0,2
BRDA:1059,120,1,1
BRDA:1068,121,0,0
BRDA:1068,121,1,2
BRDA:1073,122,0,1
BRDA:1073,122,1,1
BRDA:1073,123,0,2
BRDA:1073,123,1,1
BRDA:1090,124,0,0
BRDA:1090,124,1,0
BRDA:1103,125,0,0
BRDA:1103,125,1,1
BRF:257
BRH:134
end_of_record
TN:
SF:./js/src/annotations/osd-svg-pin.js
FN:1,(anonymous_1)
FN:2,(anonymous_2)
FN:14,(anonymous_3)
FN:17,(anonymous_4)
FN:42,(anonymous_5)
FN:75,(anonymous_6)
FN:84,(anonymous_7)
FN:100,(anonymous_8)
FN:104,(anonymous_9)
FN:116,(anonymous_10)
FN:125,(anonymous_11)
FN:138,(anonymous_12)
FN:169,(anonymous_13)
FNF:13
FNH:11
FNDA:1,(anonymous_1)
FNDA:16,(anonymous_2)
FNDA:16,(anonymous_3)
FNDA:15,(anonymous_4)
FNDA:4,(anonymous_5)
FNDA:1,(anonymous_6)
FNDA:3,(anonymous_7)
FNDA:0,(anonymous_8)
FNDA:3,(anonymous_9)
FNDA:1,(anonymous_10)
FNDA:3,(anonymous_11)
FNDA:3,(anonymous_12)
FNDA:0,(anonymous_13)
DA:1,1
DA:2,1
DA:3,16
DA:10,16
DA:13,1
DA:18,15
DA:19,15
DA:20,15
DA:21,15
DA:22,15
DA:23,15
DA:24,15
DA:25,15
DA:26,15
DA:27,15
DA:28,15
DA:29,15
DA:30,15
DA:31,15
DA:32,15
DA:33,15
DA:34,15
DA:35,15
DA:36,15
DA:37,15
DA:38,15
DA:39,15
DA:43,4
DA:44,4
DA:45,3
DA:47,3
DA:48,3
DA:53,3
DA:54,3
DA:55,3
DA:56,3
DA:58,3
DA:59,3
DA:64,1
DA:66,1
DA:67,1
DA:68,1
DA:76,1
DA:77,1
DA:78,1
DA:79,1
DA:85,3
DA:87,3
DA:88,2
DA:89,2
DA:90,2
DA:93,3
DA:94,1
DA:95,1
DA:96,1
DA:105,3
DA:106,2
DA:107,2
DA:108,2
DA:109,2
DA:110,1
DA:117,1
DA:118,1
DA:119,1
DA:120,1
DA:126,3
DA:127,2
DA:128,2
DA:132,1
DA:133,1
DA:134,1
DA:139,3
DA:140,3
DA:142,2
DA:143,0
DA:144,0
DA:147,2
DA:148,1
DA:149,1
DA:150,1
DA:154,3
DA:155,2
DA:156,1
DA:157,1
DA:158,1
DA:160,1
DA:162,2
DA:165,1
DA:166,1
LF:89
LH:87
BRDA:43,1,0,4
BRDA:43,1,1,0
BRDA:44,2,0,3
BRDA:44,2,1,1
BRDA:47,3,0,3
BRDA:47,3,1,0
BRDA:66,4,0,1
BRDA:66,4,1,0
BRDA:76,5,0,1
BRDA:76,5,1,0
BRDA:77,6,0,1
BRDA:77,6,1,0
BRDA:87,7,0,2
BRDA:87,7,1,1
BRDA:87,8,0,3
BRDA:87,8,1,2
BRDA:93,9,0,1
BRDA:93,9,1,2
BRDA:93,10,0,3
BRDA:93,10,1,1
BRDA:105,11,0,2
BRDA:105,11,1,1
BRDA:106,12,0,2
BRDA:106,12,1,0
BRDA:109,13,0,1
BRDA:109,13,1,1
BRDA:118,14,0,1
BRDA:118,14,1,0
BRDA:118,15,0,1
BRDA:118,15,1,1
BRDA:119,16,0,1
BRDA:119,16,1,0
BRDA:119,17,0,1
BRDA:119,17,1,1
BRDA:119,17,2,1
BRDA:126,18,0,2
BRDA:126,18,1,1
BRDA:126,19,0,3
BRDA:126,19,1,2
BRDA:126,19,2,2
BRDA:126,19,3,2
BRDA:132,20,0,1
BRDA:132,20,1,0
BRDA:140,21,0,2
BRDA:140,21,1,1
BRDA:140,22,0,3
BRDA:140,22,1,2
BRDA:142,23,0,0
BRDA:142,23,1,2
BRDA:147,24,0,1
BRDA:147,24,1,1
BRDA:154,25,0,2
BRDA:154,25,1,1
BRDA:155,26,0,1
BRDA:155,26,1,1
BRF:55
BRH:45
end_of_record
TN:
SF:./js/src/annotations/osd-svg-polygon.js
FN:1,(anonymous_1)
FN:2,(anonymous_2)
FN:14,(anonymous_3)
FN:17,(anonymous_4)
FN:31,(anonymous_5)
FN:58,(anonymous_6)
FN:68,(anonymous_7)
FN:81,(anonymous_8)
FN:96,(anonymous_9)
FN:110,(anonymous_10)
FN:127,(anonymous_11)
FN:131,(anonymous_12)
FN:160,(anonymous_13)
FN:169,(anonymous_14)
FN:191,(anonymous_15)
FN:253,(anonymous_16)
FNF:16
FNH:15
FNDA:1,(anonymous_1)
FNDA:16,(anonymous_2)
FNDA:16,(anonymous_3)
FNDA:17,(anonymous_4)
FNDA:7,(anonymous_5)
FNDA:1,(anonymous_6)
FNDA:1,(anonymous_7)
FNDA:1,(anonymous_8)
FNDA:1,(anonymous_9)
FNDA:3,(anonymous_10)
FNDA:0,(anonymous_11)
FNDA:4,(anonymous_12)
FNDA:1,(anonymous_13)
FNDA:3,(anonymous_14)
FNDA:10,(anonymous_15)
FNDA:3,(anonymous_16)
DA:1,1
DA:2,1
DA:3,16
DA:10,16
DA:13,1
DA:18,17
DA:19,17
DA:20,17
DA:26,17
DA:27,17
DA:28,17
DA:32,7
DA:33,6
DA:35,6
DA:36,5
DA:37,1
DA:41,1
DA:42,1
DA:43,1
DA:44,1
DA:45,1
DA:46,1
DA:50,1
DA:51,0
DA:52,0
DA:59,1
DA:60,1
DA:62,1
DA:63,1
DA:69,1
DA:71,1
DA:72,3
DA:75,1
DA:82,1
DA:83,1
DA:85,1
DA:86,3
DA:87,3
DA:90,1
DA:97,1
DA:98,1
DA:99,1
DA:100,3
DA:101,3
DA:104,1
DA:111,3
DA:114,3
DA:115,2
DA:116,2
DA:117,2
DA:120,3
DA:121,1
DA:122,1
DA:123,1
DA:132,4
DA:133,1
DA:134,1
DA:135,1
DA:137,1
DA:139,1
DA:140,0
DA:141,0
DA:144,1
DA:148,3
DA:149,1
DA:150,1
DA:151,1
DA:152,1
DA:153,0
DA:161,1
DA:162,1
DA:163,1
DA:164,1
DA:170,3
DA:171,1
DA:172,1
DA:175,2
DA:176,0
DA:177,0
DA:181,2
DA:182,1
DA:183,1
DA:186,1
DA:187,1
DA:192,10
DA:193,10
DA:195,8
DA:196,0
DA:197,0
DA:200,8
DA:201,7
DA:202,4
DA:203,4
DA:204,4
DA:205,4
DA:208,3
DA:211,7
DA:212,3
DA:213,3
DA:214,3
DA:217,4
DA:219,3
DA:220,1
DA:221,1
DA:222,1
DA:226,2
DA:227,2
DA:228,2
DA:229,2
DA:235,2
DA:236,2
DA:240,4
DA:241,2
DA:243,2
DA:245,2
DA:246,1
DA:248,1
DA:254,3
DA:255,3
DA:257,2
DA:258,1
DA:259,1
DA:260,1
DA:261,1
DA:263,2
LF:125
LH:116
BRDA:32,1,0,6
BRDA:32,1,1,1
BRDA:35,2,0,5
BRDA:35,2,1,1
BRDA:36,3,0,1
BRDA:36,3,1,4
BRDA:36,4,0,5
BRDA:36,4,1,5
BRDA:50,5,0,0
BRDA:50,5,1,1
BRDA:59,6,0,1
BRDA:59,6,1,0
BRDA:60,7,0,1
BRDA:60,7,1,0
BRDA:114,8,0,2
BRDA:114,8,1,1
BRDA:114,9,0,3
BRDA:114,9,1,2
BRDA:120,10,0,1
BRDA:120,10,1,2
BRDA:120,11,0,3
BRDA:120,11,1,1
BRDA:132,12,0,1
BRDA:132,12,1,3
BRDA:133,13,0,1
BRDA:133,13,1,0
BRDA:139,14,0,0
BRDA:139,14,1,1
BRDA:148,15,0,1
BRDA:148,15,1,2
BRDA:149,16,0,1
BRDA:149,16,1,0
BRDA:152,17,0,0
BRDA:152,17,1,1
BRDA:162,18,0,1
BRDA:162,18,1,0
BRDA:162,19,0,1
BRDA:162,19,1,1
BRDA:163,20,0,1
BRDA:163,20,1,0
BRDA:163,21,0,1
BRDA:163,21,1,1
BRDA:163,21,2,1
BRDA:170,22,0,1
BRDA:170,22,1,2
BRDA:175,23,0,0
BRDA:175,23,1,2
BRDA:175,24,0,2
BRDA:175,24,1,2
BRDA:181,25,0,1
BRDA:181,25,1,1
BRDA:186,26,0,1
BRDA:186,26,1,0
BRDA:193,27,0,8
BRDA:193,27,1,2
BRDA:193,28,0,10
BRDA:193,28,1,8
BRDA:195,29,0,0
BRDA:195,29,1,8
BRDA:200,30,0,7
BRDA:200,30,1,1
BRDA:201,31,0,4
BRDA:201,31,1,3
BRDA:211,32,0,3
BRDA:211,32,1,4
BRDA:217,33,0,3
BRDA:217,33,1,1
BRDA:219,34,0,1
BRDA:219,34,1,2
BRDA:220,35,0,1
BRDA:220,35,1,0
BRDA:235,36,0,2
BRDA:235,36,1,0
BRDA:240,37,0,2
BRDA:240,37,1,2
BRDA:245,38,0,1
BRDA:245,38,1,1
BRDA:254,39,0,3
BRDA:254,39,1,0
BRDA:255,40,0,2
BRDA:255,40,1,1
BRDA:255,41,0,3
BRDA:255,41,1,2
BRDA:257,42,0,1
BRDA:257,42,1,1
BRF:85
BRH:70
end_of_record
TN:
SF:./js/src/annotations/osd-svg-rectangle.js
FN:1,(anonymous_1)
FN:2,(anonymous_2)
FN:13,(anonymous_3)
FN:17,(anonymous_4)
FN:38,(anonymous_5)
FN:60,(anonymous_6)
FN:155,(anonymous_7)
FN:174,(anonymous_8)
FN:179,(anonymous_9)
FN:187,(anonymous_10)
FN:196,(anonymous_11)
FN:208,(anonymous_12)
FN:296,(anonymous_13)
FN:323,(anonymous_14)
FN:332,(anonymous_15)
FN:350,(anonymous_16)
FN:402,(anonymous_17)
FNF:17
FNH:16
FNDA:1,(anonymous_1)
FNDA:33,(anonymous_2)
FNDA:33,(anonymous_3)
FNDA:33,(anonymous_4)
FNDA:33,(anonymous_5)
FNDA:42,(anonymous_6)
FNDA:3,(anonymous_7)
FNDA:2,(anonymous_8)
FNDA:2,(anonymous_9)
FNDA:1,(anonymous_10)
FNDA:1,(anonymous_11)
FNDA:7,(anonymous_12)
FNDA:1,(anonymous_13)
FNDA:1,(anonymous_14)
FNDA:10,(anonymous_15)
FNDA:9,(anonymous_16)
FNDA:0,(anonymous_17)
DA:1,1
DA:2,1
DA:3,33
DA:9,33
DA:12,1
DA:14,33
DA:18,33
DA:19,33
DA:20,33
DA:25,33
DA:26,33
DA:27,33
DA:28,33
DA:29,33
DA:30,33
DA:31,33
DA:32,33
DA:33,33
DA:34,33
DA:35,33
DA:39,33
DA:47,33
DA:48,33
DA:49,33
DA:50,33
DA:51,33
DA:52,33
DA:53,33
DA:54,33
DA:55,33
DA:57,33
DA:61,42
DA:63,42
DA:64,1
DA:67,41
DA:68,41
DA:73,36
DA:75,34
DA:80,34
DA:81,34
DA:82,34
DA:83,34
DA:85,34
DA:87,34
DA:91,36
DA:93,34
DA:98,34
DA:99,34
DA:100,34
DA:101,34
DA:103,34
DA:105,34
DA:109,36
DA:110,34
DA:113,36
DA:114,36
DA:116,36
DA:117,36
DA:120,36
DA:121,0
DA:122,0
DA:123,0
DA:126,36
DA:127,0
DA:128,0
DA:129,0
DA:132,36
DA:135,5
DA:136,3
DA:137,3
DA:138,3
DA:141,5
DA:142,3
DA:143,3
DA:146,5
DA:147,3
DA:148,3
DA:150,5
DA:156,3
DA:159,3
DA:160,2
DA:161,2
DA:162,2
DA:165,3
DA:166,1
DA:167,1
DA:168,1
DA:175,2
DA:176,2
DA:180,2
DA:181,1
DA:182,1
DA:183,0
DA:188,1
DA:189,9
DA:190,9
DA:192,1
DA:193,1
DA:197,1
DA:198,1
DA:199,1
DA:201,1
DA:203,1
DA:204,1
DA:205,1
DA:209,7
DA:210,1
DA:211,1
DA:214,6
DA:215,1
DA:216,1
DA:219,5
DA:220,4
DA:221,4
DA:222,15
DA:223,4
DA:224,4
DA:228,4
DA:229,4
DA:230,4
DA:231,4
DA:232,4
DA:233,4
DA:234,4
DA:235,4
DA:236,4
DA:237,4
DA:238,4
DA:239,4
DA:240,2
DA:241,2
DA:242,2
DA:243,2
DA:244,2
DA:246,4
DA:247,1
DA:249,1
DA:250,1
DA:251,1
DA:253,4
DA:254,3
DA:255,3
DA:256,3
DA:258,4
DA:259,2
DA:260,2
DA:261,2
DA:263,4
DA:264,1
DA:265,1
DA:266,1
DA:268,4
DA:269,3
DA:270,3
DA:271,3
DA:273,3
DA:274,3
DA:275,3
DA:277,4
DA:278,4
DA:279,4
DA:280,4
DA:283,4
DA:284,0
DA:285,0
DA:288,4
DA:289,0
DA:290,0
DA:297,1
DA:298,1
DA:299,1
DA:301,1
DA:302,1
DA:303,1
DA:306,1
DA:309,1
DA:310,0
DA:312,0
DA:313,0
DA:314,0
DA:317,0
DA:324,1
DA:325,1
DA:326,1
DA:327,1
DA:334,10
DA:335,1
DA:336,1
DA:339,9
DA:340,0
DA:341,0
DA:344,9
DA:345,9
DA:351,9
DA:352,9
DA:353,8
DA:354,8
DA:355,0
DA:356,0
DA:357,0
DA:359,0
DA:362,8
DA:363,8
DA:364,8
DA:365,8
DA:366,8
DA:369,8
DA:370,0
DA:371,0
DA:372,0
DA:377,9
DA:378,0
DA:379,0
DA:380,0
DA:381,0
DA:383,0
DA:385,0
DA:388,9
DA:389,8
DA:390,0
DA:391,0
DA:392,0
DA:394,8
DA:395,8
DA:397,8
DA:399,1
LF:226
LH:192
BRDA:61,1,0,42
BRDA:61,1,1,0
BRDA:63,2,0,1
BRDA:63,2,1,41
BRDA:68,3,0,36
BRDA:68,3,1,5
BRDA:73,4,0,34
BRDA:73,4,1,2
BRDA:91,5,0,34
BRDA:91,5,1,2
BRDA:109,6,0,34
BRDA:109,6,1,2
BRDA:116,7,0,36
BRDA:116,7,1,0
BRDA:120,8,0,0
BRDA:120,8,1,36
BRDA:126,9,0,0
BRDA:126,9,1,36
BRDA:135,10,0,3
BRDA:135,10,1,2
BRDA:141,11,0,3
BRDA:141,11,1,2
BRDA:146,12,0,3
BRDA:146,12,1,2
BRDA:159,13,0,2
BRDA:159,13,1,1
BRDA:159,14,0,3
BRDA:159,14,1,2
BRDA:165,15,0,1
BRDA:165,15,1,2
BRDA:165,16,0,3
BRDA:165,16,1,1
BRDA:180,17,0,1
BRDA:180,17,1,1
BRDA:180,18,0,2
BRDA:180,18,1,1
BRDA:182,19,0,0
BRDA:182,19,1,1
BRDA:182,20,0,1
BRDA:182,20,1,1
BRDA:182,20,2,0
BRDA:209,21,0,1
BRDA:209,21,1,6
BRDA:214,22,0,1
BRDA:214,22,1,5
BRDA:219,23,0,4
BRDA:219,23,1,1
BRDA:219,24,0,5
BRDA:219,24,1,5
BRDA:222,25,0,4
BRDA:222,25,1,11
BRDA:235,26,0,4
BRDA:235,26,1,3
BRDA:235,26,2,3
BRDA:235,26,3,2
BRDA:236,27,0,4
BRDA:236,27,1,3
BRDA:236,27,2,3
BRDA:237,28,0,4
BRDA:237,28,1,4
BRDA:237,28,2,3
BRDA:238,29,0,4
BRDA:238,29,1,3
BRDA:238,29,2,3
BRDA:239,30,0,2
BRDA:239,30,1,2
BRDA:246,31,0,1
BRDA:246,31,1,3
BRDA:253,32,0,3
BRDA:253,32,1,1
BRDA:253,33,0,4
BRDA:253,33,1,2
BRDA:258,34,0,2
BRDA:258,34,1,2
BRDA:263,35,0,1
BRDA:263,35,1,3
BRDA:268,36,0,3
BRDA:268,36,1,1
BRDA:268,37,0,4
BRDA:268,37,1,2
BRDA:279,38,0,4
BRDA:279,38,1,0
BRDA:283,39,0,0
BRDA:283,39,1,4
BRDA:288,40,0,0
BRDA:288,40,1,4
BRDA:297,41,0,1
BRDA:297,41,1,0
BRDA:298,42,0,1
BRDA:298,42,1,0
BRDA:301,43,0,1
BRDA:301,43,1,0
BRDA:309,44,0,0
BRDA:309,44,1,1
BRDA:312,45,0,0
BRDA:312,45,1,0
BRDA:325,46,0,1
BRDA:325,46,1,0
BRDA:325,47,0,1
BRDA:325,47,1,1
BRDA:326,48,0,1
BRDA:326,48,1,0
BRDA:326,49,0,1
BRDA:326,49,1,1
BRDA:326,49,2,1
BRDA:334,50,0,1
BRDA:334,50,1,9
BRDA:339,51,0,0
BRDA:339,51,1,9
BRDA:344,52,0,9
BRDA:344,52,1,0
BRDA:352,53,0,8
BRDA:352,53,1,1
BRDA:352,54,0,9
BRDA:352,54,1,8
BRDA:353,55,0,8
BRDA:353,55,1,0
BRDA:353,56,0,8
BRDA:353,56,1,8
BRDA:353,56,2,8
BRDA:354,57,0,0
BRDA:354,57,1,8
BRDA:356,58,0,0
BRDA:356,58,1,0
BRDA:362,59,0,8
BRDA:362,59,1,0
BRDA:369,60,0,0
BRDA:369,60,1,8
BRDA:377,61,0,0
BRDA:377,61,1,9
BRDA:378,62,0,0
BRDA:378,62,1,0
BRDA:388,63,0,8
BRDA:388,63,1,1
BRDA:389,64,0,0
BRDA:389,64,1,8
BRF:136
BRH:107
end_of_record
TN:
SF:./js/src/annotations/simpleASEndpoint.js
FN:23,(anonymous_1)
FN:25,(anonymous_2)
FN:42,(anonymous_3)
FN:58,(anonymous_4)
FN:78,(anonymous_5)
FN:83,(anonymous_6)
FN:92,(anonymous_7)
FN:103,(anonymous_8)
FN:116,(anonymous_9)
FN:119,(anonymous_10)
FN:126,(anonymous_11)
FN:145,(anonymous_12)
FN:149,(anonymous_13)
FN:159,(anonymous_14)
FN:172,(anonymous_15)
FN:180,(anonymous_16)
FN:186,(anonymous_17)
FN:193,(anonymous_18)
FNF:18
FNH:3
FNDA:1,(anonymous_1)
FNDA:1,(anonymous_2)
FNDA:1,(anonymous_3)
FNDA:0,(anonymous_4)
FNDA:0,(anonymous_5)
FNDA:0,(anonymous_6)
FNDA:0,(anonymous_7)
FNDA:0,(anonymous_8)
FNDA:0,(anonymous_9)
FNDA:0,(anonymous_10)
FNDA:0,(anonymous_11)
FNDA:0,(anonymous_12)
FNDA:0,(anonymous_13)
FNDA:0,(anonymous_14)
FNDA:0,(anonymous_15)
FNDA:0,(anonymous_16)
FNDA:0,(anonymous_17)
FNDA:0,(anonymous_18)
DA:23,1
DA:25,1
DA:27,1
DA:37,1
DA:40,1
DA:43,1
DA:59,0
DA:61,0
DA:62,0
DA:79,0
DA:80,0
DA:82,0
DA:83,0
DA:84,0
DA:85,0
DA:86,0
DA:87,0
DA:89,0
DA:93,0
DA:94,0
DA:96,0
DA:104,0
DA:105,0
DA:117,0
DA:120,0
DA:127,0
DA:131,0
DA:132,0
DA:133,0
DA:134,0
DA:135,0
DA:136,0
DA:147,0
DA:150,0
DA:154,0
DA:155,0
DA:156,0
DA:160,0
DA:163,0
DA:173,0
DA:174,0
DA:175,0
DA:176,0
DA:178,0
DA:181,0
DA:187,0
DA:188,0
DA:190,0
DA:194,0
LF:49
LH:6
BRDA:79,1,0,0
BRDA:79,1,1,0
BRDA:93,2,0,0
BRDA:93,2,1,0
BRDA:187,3,0,0
BRDA:187,3,1,0
BRF:6
BRH:0
end_of_record
TN:
SF:./js/src/annotations/tinymce-annotation-editor.js
FN:1,(anonymous_1)
FN:3,(anonymous_2)
FN:18,(anonymous_3)
FN:25,(anonymous_4)
FN:44,(anonymous_5)
FN:55,(anonymous_6)
FN:56,(anonymous_7)
FN:63,(anonymous_8)
FN:67,(anonymous_9)
FN:82,(anonymous_10)
FN:103,(anonymous_11)
FN:116,(anonymous_12)
FN:119,(anonymous_13)
FN:125,(anonymous_14)
FN:132,(anonymous_15)
FNF:15
FNH:3
FNDA:1,(anonymous_1)
FNDA:4,(anonymous_2)
FNDA:4,(anonymous_3)
FNDA:0,(anonymous_4)
FNDA:0,(anonymous_5)
FNDA:0,(anonymous_6)
FNDA:0,(anonymous_7)
FNDA:0,(anonymous_8)
FNDA:0,(anonymous_9)
FNDA:0,(anonymous_10)
FNDA:0,(anonymous_11)
FNDA:0,(anonymous_12)
FNDA:0,(anonymous_13)
FNDA:0,(anonymous_14)
FNDA:0,(anonymous_15)
DA:1,1
DA:3,1
DA:5,4
DA:14,4
DA:17,1
DA:19,4
DA:20,4
DA:23,4
DA:24,0
DA:25,0
DA:26,0
DA:27,0
DA:29,0
DA:33,0
DA:37,4
DA:45,0
DA:47,0
DA:56,0
DA:57,0
DA:64,0
DA:68,0
DA:71,0
DA:72,0
DA:73,0
DA:76,0
DA:80,0
DA:81,0
DA:82,0
DA:83,0
DA:89,0
DA:90,0
DA:95,0
DA:104,0
DA:107,0
DA:108,0
DA:109,0
DA:112,0
DA:116,0
DA:117,0
DA:119,0
DA:120,0
DA:123,0
DA:124,0
DA:125,0
DA:126,0
DA:132,0
DA:133,0
DA:134,0
LF:48
LH:9
BRDA:23,1,0,0
BRDA:23,1,1,4
BRDA:24,2,0,0
BRDA:24,2,1,0
BRDA:26,3,0,0
BRDA:26,3,1,0
BRDA:72,4,0,0
BRDA:72,4,1,0
BRDA:80,5,0,0
BRDA:80,5,1,0
BRDA:80,6,0,0
BRDA:80,6,1,0
BRDA:108,7,0,0
BRDA:108,7,1,0
BRDA:123,8,0,0
BRDA:123,8,1,0
BRDA:133,9,0,0
BRDA:133,9,1,0
BRF:18
BRH:1
end_of_record
TN:
SF:./js/src/workspaces/slot.js
FN:1,(anonymous_1)
FN:3,(anonymous_2)
FN:22,(anonymous_3)
FN:34,(anonymous_4)
FN:38,(anonymous_5)
FN:44,(anonymous_6)
FN:55,(anonymous_7)
FN:62,(anonymous_8)
FN:69,(anonymous_9)
FN:75,(anonymous_10)
FN:81,(anonymous_11)
FN:87,(anonymous_12)
FN:93,(anonymous_13)
FN:99,(anonymous_14)
FN:106,(anonymous_15)
FN:110,(anonymous_16)
FN:111,(anonymous_17)
FN:114,(anonymous_18)
FN:118,(anonymous_19)
FN:122,(anonymous_20)
FN:127,(anonymous_21)
FN:132,(anonymous_22)
FN:140,(anonymous_23)
FN:146,(anonymous_24)
FN:182,(anonymous_25)
FN:184,(anonymous_26)
FN:190,(anonymous_27)
FN:210,(anonymous_28)
FN:244,(anonymous_29)
FN:246,(anonymous_30)
FN:251,(anonymous_31)
FN:263,(anonymous_32)
FN:267,(anonymous_33)
FNF:33
FNH:20
FNDA:1,(anonymous_1)
FNDA:21,(anonymous_2)
FNDA:21,(anonymous_3)
FNDA:21,(anonymous_4)
FNDA:7,(anonymous_5)
FNDA:85,(anonymous_6)
FNDA:3,(anonymous_7)
FNDA:83,(anonymous_8)
FNDA:3,(anonymous_9)
FNDA:1,(anonymous_10)
FNDA:1,(anonymous_11)
FNDA:1,(anonymous_12)
FNDA:1,(anonymous_13)
FNDA:1,(anonymous_14)
FNDA:21,(anonymous_15)
FNDA:1,(anonymous_16)
FNDA:0,(anonymous_17)
FNDA:0,(anonymous_18)
FNDA:0,(anonymous_19)
FNDA:0,(anonymous_20)
FNDA:0,(anonymous_21)
FNDA:0,(anonymous_22)
FNDA:0,(anonymous_23)
FNDA:0,(anonymous_24)
FNDA:0,(anonymous_25)
FNDA:0,(anonymous_26)
FNDA:0,(anonymous_27)
FNDA:0,(anonymous_28)
FNDA:3,(anonymous_29)
FNDA:30,(anonymous_30)
FNDA:3,(anonymous_31)
FNDA:0,(anonymous_32)
FNDA:2,(anonymous_33)
DA:1,1
DA:3,1
DA:5,21
DA:17,21
DA:21,1
DA:23,21
DA:24,21
DA:28,21
DA:30,21
DA:31,21
DA:35,21
DA:37,21
DA:39,7
DA:40,3
DA:46,85
DA:47,0
DA:48,0
DA:56,3
DA:57,3
DA:58,0
DA:63,83
DA:64,83
DA:65,0
DA:70,3
DA:71,1
DA:76,1
DA:77,0
DA:82,1
DA:83,0
DA:88,1
DA:89,0
DA:94,1
DA:95,0
DA:100,1
DA:101,0
DA:107,21
DA:110,21
DA:111,21
DA:112,0
DA:114,21
DA:115,0
DA:116,0
DA:118,21
DA:119,0
DA:120,0
DA:122,21
DA:123,0
DA:124,0
DA:125,0
DA:127,21
DA:128,0
DA:133,0
DA:135,0
DA:136,0
DA:137,0
DA:138,0
DA:140,0
DA:141,0
DA:147,0
DA:149,0
DA:150,0
DA:156,0
DA:157,0
DA:162,0
DA:168,0
DA:169,0
DA:172,0
DA:176,0
DA:177,0
DA:178,0
DA:181,0
DA:182,0
DA:183,0
DA:184,0
DA:185,0
DA:186,0
DA:189,0
DA:190,0
DA:191,0
DA:192,0
DA:201,0
DA:205,0
DA:206,0
DA:210,0
DA:211,0
DA:212,0
DA:218,0
DA:223,0
DA:226,0
DA:229,0
DA:235,0
DA:236,0
DA:239,0
DA:245,3
DA:246,3
DA:247,30
DA:252,3
DA:258,3
DA:259,1
DA:264,0
DA:268,2
DA:269,2
DA:271,2
LF:103
LH:42
BRDA:39,1,0,3
BRDA:39,1,1,4
BRDA:46,2,0,0
BRDA:46,2,1,85
BRDA:57,3,0,0
BRDA:57,3,1,3
BRDA:64,4,0,0
BRDA:64,4,1,83
BRDA:70,5,0,1
BRDA:70,5,1,2
BRDA:70,6,0,3
BRDA:70,6,1,1
BRDA:76,7,0,0
BRDA:76,7,1,1
BRDA:76,8,0,1
BRDA:76,8,1,0
BRDA:82,9,0,0
BRDA:82,9,1,1
BRDA:82,10,0,1
BRDA:82,10,1,0
BRDA:88,11,0,0
BRDA:88,11,1,1
BRDA:88,12,0,1
BRDA:88,12,1,0
BRDA:94,13,0,0
BRDA:94,13,1,1
BRDA:94,14,0,1
BRDA:94,14,1,0
BRDA:100,15,0,0
BRDA:100,15,1,1
BRDA:100,16,0,1
BRDA:100,16,1,0
BRDA:137,17,0,0
BRDA:137,17,1,0
BRDA:149,18,0,0
BRDA:149,18,1,0
BRDA:150,19,0,0
BRDA:150,19,1,0
BRDA:156,20,0,0
BRDA:156,20,1,0
BRDA:162,21,0,0
BRDA:162,21,1,0
BRDA:176,22,0,0
BRDA:176,22,1,0
BRDA:177,23,0,0
BRDA:177,23,1,0
BRDA:181,24,0,0
BRDA:181,24,1,0
BRDA:183,25,0,0
BRDA:183,25,1,0
BRDA:185,26,0,0
BRDA:185,26,1,0
BRDA:189,27,0,0
BRDA:189,27,1,0
BRDA:191,28,0,0
BRDA:191,28,1,0
BRDA:205,29,0,0
BRDA:205,29,1,0
BRDA:212,30,0,0
BRDA:212,30,1,0
BRDA:212,31,0,0
BRDA:212,31,1,0
BRDA:223,32,0,0
BRDA:223,32,1,0
BRDA:229,33,0,0
BRDA:229,33,1,0
BRDA:258,34,0,1
BRDA:258,34,1,2
BRF:68
BRH:21
end_of_record
TN:
SF:./js/src/workspaces/window.js
FN:1,(anonymous_1)
FN:3,(anonymous_2)
FN:66,(anonymous_3)
FN:87,(anonymous_4)
FN:109,(anonymous_5)
FN:122,(anonymous_6)
FN:129,(anonymous_7)
FN:134,(anonymous_8)
FN:143,(anonymous_9)
FN:152,(anonymous_10)
FN:160,(anonymous_11)
FN:241,(anonymous_12)
FN:248,(anonymous_13)
FN:251,(anonymous_14)
FN:272,(anonymous_15)
FN:275,(anonymous_16)
FN:278,(anonymous_17)
FN:281,(anonymous_18)
FN:284,(anonymous_19)
FN:287,(anonymous_20)
FN:302,(anonymous_21)
FN:304,(anonymous_22)
FN:311,(anonymous_23)
FN:321,(anonymous_24)
FN:328,(anonymous_25)
FN:335,(anonymous_26)
[...]
BRDA:198,12,0,0
BRDA:198,12,1,3
BRDA:217,13,0,0
BRDA:217,13,1,0
BRDA:225,14,0,0
BRDA:225,14,1,2
BRF:28
BRH:11
end_of_record
TN:
SF:./js/src/widgets/toc.js
FN:1,(anonymous_1)
FN:3,(anonymous_2)
FN:25,(anonymous_3)
FN:29,(anonymous_4)
FN:43,(anonymous_5)
FN:51,(anonymous_6)
FN:53,(anonymous_7)
FN:78,(anonymous_8)
FN:82,(anonymous_9)
FN:94,(anonymous_10)
FN:98,unflatten
FN:104,(anonymous_12)
FN:114,(anonymous_13)
FN:128,(anonymous_14)
FN:136,(anonymous_15)
FN:144,(anonymous_16)
FN:148,unflatten
FN:156,(anonymous_18)
FN:159,(anonymous_19)
FN:170,(anonymous_20)
FN:183,(anonymous_21)
FN:203,(anonymous_22)
FN:217,(anonymous_23)
FN:225,(anonymous_24)
FN:233,(anonymous_25)
FN:236,(anonymous_26)
FN:239,(anonymous_27)
FN:242,(anonymous_28)
FN:244,(anonymous_29)
FN:247,(anonymous_30)
FN:249,(anonymous_31)
FN:255,(anonymous_32)
FN:260,(anonymous_33)
FN:264,(anonymous_34)
FN:269,(anonymous_35)
FN:276,(anonymous_36)
FN:280,(anonymous_37)
FN:286,scroll
FN:294,(anonymous_39)
FN:303,(anonymous_40)
FN:307,(anonymous_41)
FN:313,(anonymous_42)
FN:317,(anonymous_43)
FN:322,(anonymous_44)
FN:331,(anonymous_45)
FN:336,(anonymous_46)
FN:341,(anonymous_47)
FN:343,(anonymous_48)
FN:347,(anonymous_49)
FN:358,(anonymous_50)
FN:367,(anonymous_51)
FN:369,(anonymous_52)
FN:382,(anonymous_53)
FN:401,(anonymous_54)
FN:408,(anonymous_55)
FN:416,(anonymous_56)
FN:425,(anonymous_57)
FN:431,(anonymous_58)
FNF:58
FNH:29
FNDA:1,(anonymous_1)
FNDA:9,(anonymous_2)
FNDA:0,(anonymous_3)
FNDA:9,(anonymous_4)
FNDA:0,(anonymous_5)
FNDA:6,(anonymous_6)
FNDA:12,(anonymous_7)
FNDA:6,(anonymous_8)
FNDA:12,(anonymous_9)
FNDA:4,(anonymous_10)
FNDA:12,unflatten
FNDA:24,(anonymous_12)
FNDA:4,(anonymous_13)
FNDA:4,(anonymous_14)
FNDA:8,(anonymous_15)
FNDA:2,(anonymous_16)
FNDA:6,unflatten
FNDA:2,(anonymous_18)
FNDA:4,(anonymous_19)
FNDA:4,(anonymous_20)
FNDA:2,(anonymous_21)
FNDA:2,(anonymous_22)
FNDA:2,(anonymous_23)
FNDA:4,(anonymous_24)
FNDA:6,(anonymous_25)
FNDA:0,(anonymous_26)
FNDA:0,(anonymous_27)
FNDA:0,(anonymous_28)
FNDA:0,(anonymous_29)
FNDA:0,(anonymous_30)
FNDA:0,(anonymous_31)
FNDA:0,(anonymous_32)
FNDA:0,(anonymous_33)
FNDA:0,(anonymous_34)
FNDA:0,(anonymous_35)
FNDA:0,(anonymous_36)
FNDA:0,(anonymous_37)
FNDA:0,scroll
FNDA:9,(anonymous_39)
FNDA:0,(anonymous_40)
FNDA:0,(anonymous_41)
FNDA:0,(anonymous_42)
FNDA:0,(anonymous_43)
FNDA:0,(anonymous_44)
FNDA:0,(anonymous_45)
FNDA:0,(anonymous_46)
FNDA:0,(anonymous_47)
FNDA:0,(anonymous_48)
FNDA:0,(anonymous_49)
FNDA:6,(anonymous_50)
FNDA:0,(anonymous_51)
FNDA:0,(anonymous_52)
FNDA:6,(anonymous_53)
FNDA:6,(anonymous_54)
FNDA:6,(anonymous_55)
FNDA:6,(anonymous_56)
FNDA:0,(anonymous_57)
FNDA:0,(anonymous_58)
DA:1,1
DA:3,1
DA:5,9
DA:22,9
DA:24,9
DA:25,9
DA:28,1
DA:30,9
DA:31,9
DA:32,3
DA:34,6
DA:35,6
DA:36,6
DA:37,6
DA:38,6
DA:40,9
DA:44,0
DA:45,0
DA:47,0
DA:52,6
DA:54,12
DA:55,12
DA:59,6
DA:61,4
DA:62,4
DA:64,2
DA:65,2
DA:69,6
DA:70,6
DA:71,6
DA:75,6
DA:79,6
DA:82,6
DA:83,12
DA:86,12
DA:91,6
DA:95,4
DA:98,1
DA:102,12
DA:103,12
DA:104,24
DA:105,12
DA:106,8
DA:114,4
DA:115,4
DA:117,4
DA:128,4
DA:129,4
DA:131,4
DA:136,8
DA:138,12
DA:141,4
DA:145,2
DA:148,1
DA:152,6
DA:153,6
DA:154,6
DA:155,6
DA:156,2
DA:158,2
DA:159,2
DA:160,4
DA:161,2
DA:164,2
DA:165,2
DA:168,4
DA:170,2
DA:172,4
DA:174,0
DA:177,2
DA:178,0
DA:182,2
DA:183,2
DA:184,2
DA:185,2
DA:186,2
DA:189,2
DA:190,0
DA:194,6
DA:195,4
DA:203,2
DA:204,2
DA:206,2
DA:217,2
DA:218,2
DA:220,2
DA:225,4
DA:227,6
DA:230,2
DA:235,6
DA:236,6
DA:237,0
DA:240,0
DA:243,0
DA:245,0
DA:248,0
DA:250,0
DA:253,6
DA:255,6
DA:256,0
DA:260,6
DA:261,0
DA:264,6
DA:265,0
DA:266,0
DA:269,6
DA:273,0
DA:276,0
DA:277,0
DA:280,0
DA:281,0
DA:286,1
DA:287,0
DA:288,0
DA:289,0
DA:295,9
DA:303,9
DA:304,0
DA:307,9
DA:308,0
DA:309,0
DA:310,0
DA:313,9
DA:314,0
DA:316,0
DA:317,0
DA:319,0
DA:322,9
DA:323,0
DA:325,0
DA:326,0
DA:327,0
DA:332,0
DA:333,0
DA:337,0
DA:340,0
DA:341,0
DA:342,0
DA:343,0
DA:344,0
DA:347,0
DA:359,6
DA:361,6
DA:362,6
DA:363,6
DA:367,6
DA:368,0
DA:371,0
DA:384,6
DA:399,6
DA:401,6
DA:402,6
DA:404,6
DA:405,6
DA:408,6
DA:409,6
DA:410,6
DA:413,6
DA:416,6
DA:417,6
DA:419,6
DA:422,6
DA:426,0
DA:427,0
DA:428,0
DA:432,0
DA:433,0
DA:434,0
LF:168
LH:115
BRDA:31,1,0,3
BRDA:31,1,1,6
BRDA:31,2,0,9
BRDA:31,2,1,9
BRDA:44,3,0,0
BRDA:44,3,1,0
BRDA:59,4,0,4
BRDA:59,4,1,2
BRDA:69,5,0,6
BRDA:69,5,1,0
BRDA:70,6,0,6
BRDA:70,6,1,0
BRDA:102,7,0,0
BRDA:102,7,1,12
BRDA:103,8,0,8
BRDA:103,8,1,4
BRDA:104,9,0,4
BRDA:104,9,1,20
BRDA:105,10,0,8
BRDA:105,10,1,4
BRDA:106,11,0,4
BRDA:106,11,1,4
BRDA:152,12,0,0
BRDA:152,12,1,6
BRDA:153,13,0,4
BRDA:153,13,1,2
BRDA:155,14,0,2
BRDA:155,14,1,4
BRDA:158,15,0,0
BRDA:158,15,1,2
BRDA:160,16,0,2
BRDA:160,16,1,2
BRDA:164,17,0,2
BRDA:164,17,1,0
BRDA:168,18,0,2
BRDA:168,18,1,2
BRDA:172,19,0,0
BRDA:172,19,1,4
BRDA:172,20,0,4
BRDA:172,20,1,0
BRDA:177,21,0,0
BRDA:177,21,1,2
BRDA:182,22,0,2
BRDA:182,22,1,0
BRDA:184,23,0,2
BRDA:184,23,1,0
BRDA:189,24,0,0
BRDA:189,24,1,2
BRDA:194,25,0,4
BRDA:194,25,1,2
BRDA:195,26,0,2
BRDA:195,26,1,2
BRDA:253,27,0,6
BRDA:253,27,1,0
BRDA:288,28,0,0
BRDA:288,28,1,0
BRDA:308,29,0,0
BRDA:308,29,1,0
BRDA:342,30,0,0
BRDA:342,30,1,0
BRDA:404,31,0,6
BRDA:404,31,1,0
BRF:62
BRH:40
end_of_record
TN:
SF:./js/src/utils/dialog-builder.js
FN:1,(anonymous_1)
FN:2,(anonymous_2)
FN:11,(anonymous_3)
FN:14,(anonymous_4)
FN:17,(anonymous_5)
FN:19,(anonymous_6)
FN:27,(anonymous_7)
FNF:7
FNH:5
FNDA:1,(anonymous_1)
FNDA:3,(anonymous_2)
FNDA:1,(anonymous_3)
FNDA:1,(anonymous_4)
FNDA:2,(anonymous_5)
FNDA:0,(anonymous_6)
FNDA:0,(anonymous_7)
DA:1,1
DA:2,1
DA:3,3
DA:5,3
DA:10,1
DA:12,1
DA:15,1
DA:18,2
DA:19,2
DA:21,0
DA:23,0
DA:25,0
DA:27,2
DA:28,0
LF:14
LH:10
BRDA:3,1,0,3
BRDA:3,1,1,3
BRF:2
BRH:2
end_of_record
TN:
SF:./js/src/utils/eventemitter.js
FN:1,(anonymous_1)
FN:2,(anonymous_2)
FN:18,(anonymous_3)
FN:33,(anonymous_4)
FN:39,(anonymous_5)
FN:46,(anonymous_6)
FN:55,(anonymous_7)
FN:57,(anonymous_8)
FN:64,(anonymous_9)
FN:74,(anonymous_10)
FN:75,(anonymous_11)
FNF:11
FNH:11
FNDA:1,(anonymous_1)
FNDA:235,(anonymous_2)
FNDA:235,(anonymous_3)
FNDA:5,(anonymous_4)
FNDA:13,(anonymous_5)
FNDA:10,(anonymous_6)
FNDA:2,(anonymous_7)
FNDA:4,(anonymous_8)
FNDA:1,(anonymous_9)
FNDA:3,(anonymous_10)
FNDA:5409,(anonymous_11)
DA:1,1
DA:2,1
DA:3,235
DA:8,235
DA:9,235
DA:10,5
DA:17,1
DA:18,1
DA:19,235
DA:20,235
DA:26,1
DA:27,1
DA:31,1
DA:33,1
DA:34,5
DA:35,5
DA:36,5
DA:38,1
DA:40,13
DA:41,1
DA:43,12
DA:47,10
DA:48,10
DA:49,2
DA:50,1
DA:53,9
DA:56,2
DA:57,2
DA:58,4
DA:59,4
DA:61,2
DA:62,2
DA:65,1
DA:66,1
DA:67,1
DA:74,1
DA:75,3
DA:76,5409
DA:77,5409
DA:78,5409
DA:79,5409
DA:80,5409
DA:82,5409
DA:83,4727
DA:87,4727
DA:88,2
DA:92,5409
DA:93,107
DA:94,1
DA:98,5409
DA:99,5409
DA:100,9
DA:102,5409
DA:104,5409
DA:105,4727
LF:55
LH:55
BRDA:9,1,0,5
BRDA:9,1,1,230
BRDA:40,2,0,1
BRDA:40,2,1,12
BRDA:49,3,0,1
BRDA:49,3,1,1
BRDA:79,4,0,5409
BRDA:79,4,1,10
BRDA:82,5,0,4727
BRDA:82,5,1,682
BRDA:87,6,0,2
BRDA:87,6,1,4725
BRDA:92,7,0,107
BRDA:92,7,1,5302
BRDA:93,8,0,1
BRDA:93,8,1,106
BRDA:99,9,0,9
BRDA:99,9,1,5400
BRDA:104,10,0,4727
BRDA:104,10,1,682
BRF:20
BRH:20
end_of_record
TN:
SF:./js/src/utils/iiif.js
FN:2,(anonymous_1)
FN:6,(anonymous_2)
FN:19,(anonymous_3)
FN:27,(anonymous_4)
FN:53,(anonymous_5)
FN:62,(anonymous_6)
FNF:6
FNH:5
FNDA:1,(anonymous_1)
FNDA:2,(anonymous_2)
FNDA:15,(anonymous_3)
FNDA:9,(anonymous_4)
FNDA:24,(anonymous_5)
FNDA:0,(anonymous_6)
DA:2,1
DA:4,1
DA:8,2
DA:9,1
DA:10,1
DA:11,1
DA:13,1
DA:14,1
DA:16,1
DA:20,15
DA:21,13
DA:23,2
DA:30,9
DA:31,9
DA:32,9
DA:33,8
DA:34,7
DA:35,1
DA:36,1
DA:38,8
DA:40,2
DA:41,2
DA:43,4
DA:44,4
DA:46,1
DA:47,1
DA:50,9
DA:54,24
DA:55,24
DA:56,11
DA:58,13
DA:63,0
DA:66,0
DA:68,0
DA:70,0
DA:71,0
DA:72,0
DA:75,0
DA:76,0
DA:78,0
DA:79,0
DA:80,0
DA:85,0
LF:43
LH:31
BRDA:8,1,0,1
BRDA:8,1,1,1
BRDA:20,2,0,13
BRDA:20,2,1,2
BRDA:32,3,0,8
BRDA:32,3,1,1
BRDA:33,4,0,7
BRDA:33,4,1,1
BRDA:35,5,0,1
BRDA:35,5,1,0
BRDA:38,6,0,2
BRDA:38,6,1,4
BRDA:38,6,2,1
BRDA:55,7,0,11
BRDA:55,7,1,13
BRDA:66,8,0,0
BRDA:66,8,1,0
BRDA:68,9,0,0
BRDA:68,9,1,0
BRDA:68,9,2,0
BRDA:70,10,0,0
BRDA:70,10,1,0
BRDA:78,11,0,0
BRDA:78,11,1,0
BRF:24
BRH:14
end_of_record
TN:
SF:./js/src/utils/jsonBlobApi.js
FN:1,(anonymous_1)
FN:5,getAPIUri
FN:28,initSettings
FN:47,syncRequest
FN:51,(anonymous_5)
FN:58,asyncRequest
FN:64,(anonymous_7)
FN:70,(anonymous_8)
FN:73,(anonymous_9)
FN:75,(anonymous_10)
FNF:10
FNH:2
FNDA:1,(anonymous_1)
FNDA:0,getAPIUri
FNDA:0,initSettings
FNDA:0,syncRequest
FNDA:0,(anonymous_5)
FNDA:0,asyncRequest
FNDA:7,(anonymous_7)
FNDA:0,(anonymous_8)
FNDA:0,(anonymous_9)
FNDA:0,(anonymous_10)
DA:1,1
DA:3,1
DA:5,1
DA:7,0
DA:8,0
DA:10,0
DA:11,0
DA:12,0
DA:15,0
DA:17,0
DA:21,0
DA:22,0
DA:25,0
DA:28,1
DA:30,0
DA:40,0
DA:41,0
DA:44,0
DA:47,1
DA:48,0
DA:49,0
DA:50,0
DA:51,0
DA:52,0
DA:54,0
DA:55,0
DA:58,1
DA:59,0
DA:60,0
DA:61,0
DA:64,1
DA:65,7
DA:69,1
DA:71,0
DA:74,0
DA:75,0
DA:76,0
DA:77,0
DA:79,0
LF:39
LH:9
BRDA:8,1,0,0
BRDA:8,1,1,0
BRDA:10,2,0,0
BRDA:10,2,1,0
BRDA:12,3,0,0
BRDA:12,3,1,0
BRDA:15,4,0,0
BRDA:15,4,1,0
BRDA:21,5,0,0
BRDA:21,5,1,0
BRDA:21,6,0,0
BRDA:21,6,1,0
BRDA:40,7,0,0
BRDA:40,7,1,0
BRDA:40,8,0,0
BRDA:40,8,1,0
BRF:16
BRH:0
end_of_record
TN:
SF:./js/src/utils/jsonLd.js
FN:1,(anonymous_1)
FN:7,getDisplayLanguage
FN:8,(anonymous_3)
FN:17,(anonymous_4)
FN:36,(anonymous_5)
FN:53,(anonymous_6)
FNF:6
FNH:6
FNDA:1,(anonymous_1)
FNDA:8,getDisplayLanguage
FNDA:21,(anonymous_3)
FNDA:14,(anonymous_4)
FNDA:64,(anonymous_5)
FNDA:21,(anonymous_6)
DA:1,1
DA:7,1
DA:8,8
DA:9,21
DA:10,6
DA:12,15
DA:16,8
DA:17,8
DA:18,14
DA:19,3
DA:21,11
DA:22,5
DA:29,8
DA:30,1
DA:32,8
DA:35,1
DA:37,64
DA:38,64
DA:39,8
DA:40,56
DA:41,0
DA:44,64
DA:45,25
DA:47,39
DA:48,29
DA:50,10
DA:51,8
DA:52,8
DA:53,8
DA:54,21
DA:55,21
DA:56,4
DA:57,17
DA:58,7
DA:60,21
DA:61,3
DA:63,21
DA:65,8
DA:67,2
LF:39
LH:38
BRDA:9,1,0,6
BRDA:9,1,1,15
BRDA:18,2,0,3
BRDA:18,2,1,11
BRDA:21,3,0,5
BRDA:21,3,1,6
BRDA:29,4,0,1
BRDA:29,4,1,7
BRDA:29,5,0,8
BRDA:29,5,1,3
BRDA:37,6,0,64
BRDA:37,6,1,27
BRDA:38,7,0,8
BRDA:38,7,1,56
BRDA:40,8,0,0
BRDA:40,8,1,56
BRDA:44,9,0,25
BRDA:44,9,1,39
BRDA:44,10,0,64
BRDA:44,10,1,42
BRDA:47,11,0,29
BRDA:47,11,1,10
BRDA:50,12,0,8
BRDA:50,12,1,2
BRDA:55,13,0,4
BRDA:55,13,1,17
BRDA:55,14,0,21
BRDA:55,14,1,6
BRDA:57,15,0,7
BRDA:57,15,1,10
BRDA:60,16,0,3
BRDA:60,16,1,18
BRDA:60,17,0,21
BRDA:60,17,1,11
BRF:34
BRH:33
end_of_record
TN:
SF:./js/src/utils/localJsonBlobApi.js
FN:5,(anonymous_1)
FN:6,generateUUID
FN:8,(anonymous_3)
FN:16,(anonymous_4)
FN:24,(anonymous_5)
FN:27,(anonymous_6)
FNF:6
FNH:6
FNDA:1,(anonymous_1)
FNDA:1,generateUUID
FNDA:31,(anonymous_3)
FNDA:2,(anonymous_4)
FNDA:1,(anonymous_5)
FNDA:1,(anonymous_6)
DA:5,1
DA:6,1
DA:7,1
DA:8,1
DA:9,31
DA:10,31
DA:11,31
DA:13,1
DA:16,1
DA:17,2
DA:20,2
DA:23,1
DA:25,1
DA:28,1
DA:30,1
DA:31,1
DA:32,1
LF:17
LH:17
BRDA:11,1,0,30
BRDA:11,1,1,1
BRF:2
BRH:2
end_of_record
TN:
SF:./js/src/utils/openSeadragon.js
FN:1,(anonymous_1)
FN:3,(anonymous_2)
FNF:2
FNH:1
FNDA:1,(anonymous_1)
FNDA:0,(anonymous_2)
DA:1,1
DA:3,1
DA:5,0
DA:19,0
LF:4
LH:2
BRF:0
BRH:0
end_of_record
TN:
SF:./js/src/utils/saveController.js
FN:1,(anonymous_1)
FN:3,(anonymous_2)
FN:17,(anonymous_3)
FN:29,index
FN:34,(anonymous_5)
FN:47,iterateStringify
FN:58,iterateParse
FN:77,(anonymous_8)
FN:115,(anonymous_9)
FN:122,(anonymous_10)
FN:145,(anonymous_11)
FN:147,(anonymous_12)
FN:156,(anonymous_13)
FN:164,(anonymous_14)
FN:168,(anonymous_15)
FN:176,(anonymous_16)
FN:180,(anonymous_17)
FN:182,(anonymous_18)
FN:191,(anonymous_19)
FN:198,(anonymous_20)
FN:213,(anonymous_21)
FN:219,(anonymous_22)
FN:223,(anonymous_23)
FN:226,(anonymous_24)
FN:237,(anonymous_25)
FN:240,(anonymous_26)
FN:252,(anonymous_27)
FN:260,(anonymous_28)
FN:267,(anonymous_29)
FN:270,(anonymous_30)
FN:281,(anonymous_31)
FN:286,(anonymous_32)
FN:300,(anonymous_33)
FN:304,(anonymous_34)
FN:306,(anonymous_35)
FN:313,(anonymous_36)
FN:315,(anonymous_37)
FN:327,(anonymous_38)
FN:331,(anonymous_39)
FN:332,(anonymous_40)
FN:339,(anonymous_41)
FN:340,(anonymous_42)
FN:346,(anonymous_43)
FN:375,(anonymous_44)
FNF:44
FNH:33
FNDA:1,(anonymous_1)
FNDA:177,(anonymous_2)
FNDA:535,(anonymous_3)
FNDA:0,index
FNDA:3570,(anonymous_5)
FNDA:2957,iterateStringify
FNDA:5141,iterateParse
FNDA:177,(anonymous_8)
FNDA:0,(anonymous_9)
FNDA:0,(anonymous_10)
FNDA:7,(anonymous_11)
FNDA:8,(anonymous_12)
FNDA:3,(anonymous_13)
FNDA:7,(anonymous_14)
FNDA:23,(anonymous_15)
FNDA:2420,(anonymous_16)
FNDA:9,(anonymous_17)
FNDA:35,(anonymous_18)
FNDA:2424,(anonymous_19)
FNDA:74,(anonymous_20)
FNDA:177,(anonymous_21)
FNDA:5,(anonymous_22)
FNDA:32,(anonymous_23)
FNDA:25,(anonymous_24)
FNDA:2,(anonymous_25)
FNDA:0,(anonymous_26)
FNDA:2,(anonymous_27)
FNDA:7,(anonymous_28)
FNDA:0,(anonymous_29)
FNDA:0,(anonymous_30)
FNDA:2,(anonymous_31)
FNDA:4,(anonymous_32)
FNDA:27,(anonymous_33)
FNDA:27,(anonymous_34)
FNDA:891,(anonymous_35)
FNDA:2,(anonymous_36)
FNDA:0,(anonymous_37)
FNDA:0,(anonymous_38)
FNDA:2,(anonymous_39)
FNDA:2,(anonymous_40)
FNDA:0,(anonymous_41)
FNDA:0,(anonymous_42)
FNDA:0,(anonymous_43)
FNDA:1,(anonymous_44)
DA:1,1
DA:3,1
DA:5,177
DA:16,177
DA:17,107
DA:18,535
DA:23,177
DA:24,0
DA:29,1
DA:30,0
DA:31,0
DA:32,0
DA:34,177
DA:35,3570
DA:36,0
DA:37,0
DA:38,0
DA:39,0
DA:47,1
DA:48,2957
DA:49,13898
DA:50,13367
DA:51,1063
DA:52,12304
DA:53,2780
DA:58,1
DA:59,5141
DA:60,22661
DA:61,22130
DA:62,1063
DA:63,21067
DA:64,4964
DA:69,177
DA:70,177
DA:71,177
DA:72,177
DA:75,1
DA:78,177
DA:80,177
DA:83,177
DA:84,174
DA:85,174
DA:86,174
DA:89,3
DA:91,3
DA:93,3
DA:95,3
DA:96,1
DA:98,2
DA:101,3
DA:102,0
DA:104,3
DA:105,3
DA:107,1
DA:108,1
DA:109,1
DA:111,2
DA:115,3
DA:116,0
DA:117,0
DA:121,3
DA:122,3
DA:123,0
DA:124,0
DA:134,3
DA:135,3
DA:136,1
DA:138,2
DA:141,3
DA:146,7
DA:147,7
DA:148,8
DA:149,7
DA:150,7
DA:153,7
DA:157,3
DA:158,2
DA:160,1
DA:165,7
DA:169,23
DA:170,0
DA:172,23
DA:177,2420
DA:181,9
DA:182,9
DA:183,35
DA:184,5
DA:185,5
DA:188,9
DA:192,2424
DA:193,2423
DA:195,1
DA:199,74
DA:202,74
DA:203,73
DA:205,1
DA:207,74
DA:208,1
DA:210,74
DA:214,177
DA:219,177
DA:220,5
DA:223,177
DA:224,32
DA:225,32
DA:226,25
DA:227,25
DA:228,23
DA:232,7
DA:234,32
DA:237,177
DA:238,2
DA:239,2
DA:240,0
DA:241,0
DA:242,0
DA:243,0
DA:245,0
DA:249,2
DA:252,177
DA:253,2
DA:254,2
DA:256,2
DA:257,2
DA:260,177
DA:261,7
DA:262,6
DA:264,7
DA:267,177
DA:268,0
DA:269,0
DA:270,0
DA:271,0
DA:272,0
DA:276,0
DA:278,0
DA:281,177
DA:282,2
DA:286,2
DA:287,4
DA:288,2
DA:291,2
DA:292,0
DA:293,0
DA:295,2
DA:296,2
DA:297,2
DA:300,177
DA:301,27
DA:304,177
DA:306,27
DA:307,891
DA:308,837
DA:310,27
DA:313,177
DA:314,2
DA:316,0
DA:318,2
DA:319,2
DA:323,2
DA:327,177
DA:328,0
DA:331,177
DA:332,2
DA:333,2
DA:335,2
DA:339,177
DA:340,0
DA:341,0
DA:343,0
DA:346,177
DA:376,1
DA:382,1
LF:173
LH:140
BRDA:16,1,0,107
BRDA:16,1,1,70
BRDA:23,2,0,0
BRDA:23,2,1,177
BRDA:23,3,0,177
BRDA:23,3,1,115
BRDA:35,4,0,0
BRDA:35,4,1,3570
BRDA:35,5,0,3570
BRDA:35,5,1,3570
BRDA:49,6,0,13367
BRDA:49,6,1,531
BRDA:50,7,0,1063
BRDA:50,7,1,12304
BRDA:52,8,0,2780
BRDA:52,8,1,9524
BRDA:60,9,0,22130
BRDA:60,9,1,531
BRDA:61,10,0,1063
BRDA:61,10,1,21067
BRDA:61,11,0,22130
BRDA:61,11,1,6545
BRDA:63,12,0,4964
BRDA:63,12,1,16103
BRDA:83,13,0,174
BRDA:83,13,1,3
BRDA:95,14,0,1
BRDA:95,14,1,2
BRDA:101,15,0,0
BRDA:101,15,1,3
BRDA:105,16,0,1
BRDA:105,16,1,2
BRDA:109,17,0,1
BRDA:109,17,1,0
BRDA:116,18,0,0
BRDA:116,18,1,0
BRDA:121,19,0,3
BRDA:121,19,1,0
BRDA:123,20,0,0
BRDA:123,20,1,0
BRDA:135,21,0,1
BRDA:135,21,1,2
BRDA:148,22,0,7
BRDA:148,22,1,1
BRDA:157,23,0,2
BRDA:157,23,1,1
BRDA:169,24,0,0
BRDA:169,24,1,23
BRDA:183,25,0,5
BRDA:183,25,1,30
BRDA:192,26,0,2423
BRDA:192,26,1,1
BRDA:202,27,0,73
BRDA:202,27,1,1
BRDA:207,28,0,1
BRDA:207,28,1,73
BRDA:225,29,0,25
BRDA:225,29,1,7
BRDA:225,30,0,32
BRDA:225,30,1,32
BRDA:227,31,0,23
BRDA:227,31,1,2
BRDA:239,32,0,0
BRDA:239,32,1,2
BRDA:239,33,0,2
BRDA:239,33,1,2
BRDA:241,34,0,0
BRDA:241,34,1,0
BRDA:242,35,0,0
BRDA:242,35,1,0
BRDA:253,36,0,2
BRDA:253,36,1,0
BRDA:261,37,0,6
BRDA:261,37,1,1
BRDA:269,38,0,0
BRDA:269,38,1,0
BRDA:269,39,0,0
BRDA:269,39,1,0
BRDA:271,40,0,0
BRDA:271,40,1,0
BRDA:287,41,0,2
BRDA:287,41,1,2
BRDA:291,42,0,0
BRDA:291,42,1,2
BRDA:307,43,0,54
BRDA:307,43,1,837
BRDA:318,44,0,2
BRDA:318,44,1,0
BRDA:341,45,0,0
BRDA:341,45,1,0
BRF:90
BRH:64
end_of_record
TN:
SF:./js/src/utils/utils.js
FN:1,(anonymous_1)
FN:3,(anonymous_2)
FN:11,(anonymous_3)
FN:14,(anonymous_4)
FN:23,(anonymous_5)
FN:71,(anonymous_6)
FN:73,(anonymous_7)
FN:90,(anonymous_8)
FN:91,(anonymous_9)
FN:99,(anonymous_10)
FN:103,(anonymous_11)
FN:112,(anonymous_12)
FN:117,(anonymous_13)
FN:135,(anonymous_14)
FN:137,(anonymous_15)
FN:141,(anonymous_16)
FN:160,(anonymous_17)
FN:181,(anonymous_18)
FN:182,(anonymous_19)
FN:183,(anonymous_20)
FN:188,(anonymous_21)
FN:221,(anonymous_22)
FN:225,(anonymous_23)
FN:229,(anonymous_24)
FN:233,(anonymous_25)
FN:241,(anonymous_26)
FN:253,(anonymous_27)
FN:263,(anonymous_28)
FN:268,(anonymous_29)
FN:272,(anonymous_30)
FNF:30
FNH:21
FNDA:1,(anonymous_1)
FNDA:3873,(anonymous_2)
FNDA:10,(anonymous_3)
FNDA:1936,(anonymous_4)
FNDA:6,(anonymous_5)
FNDA:2,(anonymous_6)
FNDA:4,(anonymous_7)
FNDA:31,(anonymous_8)
FNDA:961,(anonymous_9)
FNDA:0,(anonymous_10)
FNDA:12,(anonymous_11)
FNDA:0,(anonymous_12)
FNDA:29,(anonymous_13)
FNDA:10,(anonymous_14)
FNDA:0,(anonymous_15)
FNDA:0,(anonymous_16)
FNDA:4,(anonymous_17)
FNDA:6,(anonymous_18)
FNDA:12,(anonymous_19)
FNDA:0,(anonymous_20)
FNDA:22,(anonymous_21)
FNDA:5,(anonymous_22)
FNDA:1,(anonymous_23)
FNDA:4,(anonymous_24)
FNDA:4,(anonymous_25)
FNDA:0,(anonymous_26)
FNDA:0,(anonymous_27)
FNDA:0,(anonymous_28)
FNDA:0,(anonymous_29)
FNDA:39,(anonymous_30)
DA:1,1
DA:3,1
DA:4,3873
DA:11,1
DA:12,10
DA:14,10
DA:15,1936
DA:16,9
DA:20,10
DA:23,1
DA:24,6
DA:30,6
DA:33,6
DA:35,2
DA:36,1
DA:37,1
DA:38,1
DA:39,1
DA:40,1
DA:42,1
DA:44,0
DA:47,1
DA:48,1
DA:50,1
DA:53,0
DA:57,4
DA:58,4
DA:59,4
DA:60,4
DA:62,4
DA:64,6
DA:71,1
DA:72,2
DA:73,4
DA:74,2
DA:75,2
DA:76,1
DA:78,1
DA:80,1
DA:81,2
DA:82,2
DA:83,2
DA:87,1
DA:90,1
DA:91,31
DA:92,961
DA:93,961
DA:96,31
DA:99,1
DA:100,0
DA:103,1
DA:104,12
DA:105,12
DA:106,12
DA:108,12
DA:109,12
DA:112,12
DA:113,0
DA:114,0
DA:115,0
DA:117,12
DA:118,29
DA:119,29
DA:120,29
DA:121,29
DA:122,29
DA:123,29
DA:124,5
DA:125,5
DA:126,5
DA:127,5
DA:128,24
DA:129,1
DA:131,29
DA:135,1
DA:136,10
DA:137,10
DA:138,0
DA:139,0
DA:140,0
DA:141,0
DA:142,0
DA:143,0
DA:144,0
DA:146,0
DA:147,0
DA:150,0
DA:151,0
DA:152,0
DA:154,0
DA:155,0
DA:160,1
DA:161,4
DA:162,4
DA:163,4
DA:165,4
DA:166,4
DA:170,4
DA:171,4
DA:173,4
DA:174,4
DA:175,4
DA:176,4
DA:178,4
DA:181,1
DA:182,12
DA:183,0
DA:185,6
DA:188,1
DA:189,22
DA:195,22
DA:197,20
DA:202,20
DA:203,80
DA:205,80
DA:206,69
DA:207,69
DA:208,213
DA:214,80
DA:217,20
DA:221,1
DA:222,5
DA:225,5
DA:226,1
DA:229,5
DA:230,4
DA:233,5
DA:234,4
DA:237,5
DA:238,5
DA:241,1
DA:242,0
DA:243,0
DA:244,0
DA:245,0
DA:246,0
DA:247,0
DA:248,0
DA:249,0
DA:253,1
DA:254,0
DA:255,0
DA:256,0
DA:257,0
DA:258,0
DA:259,0
DA:263,1
DA:264,0
DA:265,0
DA:268,1
DA:269,0
DA:272,1
DA:273,39
LF:153
LH:115
BRDA:15,1,0,9
BRDA:15,1,1,1927
BRDA:33,2,0,2
BRDA:33,2,1,4
BRDA:35,3,0,1
BRDA:35,3,1,1
BRDA:37,4,0,1
BRDA:37,4,1,0
BRDA:39,5,0,1
BRDA:39,5,1,0
BRDA:42,6,0,0
BRDA:42,6,1,1
BRDA:47,7,0,1
BRDA:47,7,1,0
BRDA:58,8,0,0
BRDA:58,8,1,4
BRDA:59,9,0,4
BRDA:59,9,1,0
BRDA:75,10,0,1
BRDA:75,10,1,1
BRDA:82,11,0,2
BRDA:82,11,1,0
BRDA:92,12,0,930
BRDA:92,12,1,31
BRDA:108,13,0,12
BRDA:108,13,1,0
BRDA:113,14,0,0
BRDA:113,14,1,0
BRDA:119,15,0,0
BRDA:119,15,1,29
BRDA:119,16,0,29
BRDA:119,16,1,4
BRDA:123,17,0,5
BRDA:123,17,1,24
BRDA:128,18,0,1
BRDA:128,18,1,23
BRDA:128,19,0,24
BRDA:128,19,1,1
BRDA:143,20,0,0
BRDA:143,20,1,0
BRDA:147,21,0,0
BRDA:147,21,1,0
BRDA:150,22,0,0
BRDA:150,22,1,0
BRDA:151,23,0,0
BRDA:151,23,1,0
BRDA:154,24,0,0
BRDA:154,24,1,0
BRDA:162,25,0,4
BRDA:162,25,1,0
BRDA:178,26,0,4
BRDA:178,26,1,4
BRDA:178,26,2,4
BRDA:178,26,3,4
BRDA:195,27,0,2
BRDA:195,27,1,20
BRDA:205,28,0,69
BRDA:205,28,1,11
BRDA:242,29,0,0
BRDA:242,29,1,0
BRDA:244,30,0,0
BRDA:244,30,1,0
BRDA:246,31,0,0
BRDA:246,31,1,0
BRDA:248,32,0,0
BRDA:248,32,1,0
BRDA:254,33,0,0
BRDA:254,33,1,0
BRDA:256,34,0,0
BRDA:256,34,1,0
BRDA:258,35,0,0
BRDA:258,35,1,0
BRDA:269,36,0,0
BRDA:269,36,1,0
BRDA:269,36,2,0
BRF:75
BRH:36
end_of_record
